[    0.000000] Linux version 4.15.0-74-generic (buildd@lcy01-amd64-022) (gcc version 7.4.0 (Ubuntu 7.4.0-1ubuntu1~18.04.1)) #84-Ubuntu SMP Thu Dec 19 08:06:28 UTC 2019 (Ubuntu 4.15.0-74.84-generic 4.15.18)
[    0.000000] Command line: BOOT_IMAGE=/boot/vmlinuz-4.15.0-74-generic root=LABEL=cloudimg-rootfs ro console=tty1 console=ttyS0
[    0.000000] KERNEL supported cpus:
[    0.000000]   Intel GenuineIntel
[    0.000000]   AMD AuthenticAMD
[    0.000000]   Centaur CentaurHauls
[    0.000000] x86/fpu: Supporting XSAVE feature 0x001: 'x87 floating point registers'
[    0.000000] x86/fpu: Supporting XSAVE feature 0x002: 'SSE registers'
[    0.000000] x86/fpu: Supporting XSAVE feature 0x004: 'AVX registers'
[    0.000000] x86/fpu: xstate_offset[2]:  576, xstate_sizes[2]:  256
[    0.000000] x86/fpu: Enabled xstate features 0x7, context size is 832 bytes, using 'standard' format.
[    0.000000] e820: BIOS-provided physical RAM map:
[    0.000000] BIOS-e820: [mem 0x0000000000000000-0x000000000009fbff] usable
[    0.000000] BIOS-e820: [mem 0x000000000009fc00-0x000000000009ffff] reserved
[    0.000000] BIOS-e820: [mem 0x00000000000f0000-0x00000000000fffff] reserved
[    0.000000] BIOS-e820: [mem 0x0000000000100000-0x00000000dffeffff] usable
[    0.000000] BIOS-e820: [mem 0x00000000dfff0000-0x00000000dfffffff] ACPI data
[    0.000000] BIOS-e820: [mem 0x00000000fec00000-0x00000000fec00fff] reserved
[    0.000000] BIOS-e820: [mem 0x00000000fee00000-0x00000000fee00fff] reserved
[    0.000000] BIOS-e820: [mem 0x00000000fffc0000-0x00000000ffffffff] reserved
[    0.000000] BIOS-e820: [mem 0x0000000100000000-0x000000011fffffff] usable
[    0.000000] NX (Execute Disable) protection: active
[    0.000000] SMBIOS 2.5 present.
[    0.000000] DMI: innotek GmbH VirtualBox/VirtualBox, BIOS VirtualBox 12/01/2006
[    0.000000] Hypervisor detected: KVM
[    0.000000] e820: last_pfn = 0x120000 max_arch_pfn = 0x400000000
[    0.000000] MTRR: Disabled
[    0.000000] x86/PAT: MTRRs disabled, skipping PAT initialization too.
[    0.000000] CPU MTRRs all blank - virtualized system.
[    0.000000] x86/PAT: Configuration [0-7]: WB  WT  UC- UC  WB  WT  UC- UC  
[    0.000000] e820: last_pfn = 0xdfff0 max_arch_pfn = 0x400000000
[    0.000000] found SMP MP-table at [mem 0x0009fff0-0x0009ffff]
[    0.000000] Scanning 1 areas for low memory corruption
[    0.000000] RAMDISK: [mem 0x3595f000-0x36ca6fff]
[    0.000000] ACPI: Early table checksum verification disabled
[    0.000000] ACPI: RSDP 0x00000000000E0000 000024 (v02 VBOX  )
[    0.000000] ACPI: XSDT 0x00000000DFFF0030 00003C (v01 VBOX   VBOXXSDT 00000001 ASL  00000061)
[    0.000000] ACPI: FACP 0x00000000DFFF00F0 0000F4 (v04 VBOX   VBOXFACP 00000001 ASL  00000061)
[    0.000000] ACPI: DSDT 0x00000000DFFF0470 0022EA (v02 VBOX   VBOXBIOS 00000002 INTL 20100528)
[    0.000000] ACPI: FACS 0x00000000DFFF0200 000040
[    0.000000] ACPI: FACS 0x00000000DFFF0200 000040
[    0.000000] ACPI: APIC 0x00000000DFFF0240 00005C (v02 VBOX   VBOXAPIC 00000001 ASL  00000061)
[    0.000000] ACPI: SSDT 0x00000000DFFF02A0 0001CC (v01 VBOX   VBOXCPUT 00000002 INTL 20100528)
[    0.000000] No NUMA configuration found
[    0.000000] Faking a node at [mem 0x0000000000000000-0x000000011fffffff]
[    0.000000] NODE_DATA(0) allocated [mem 0x11ffd1000-0x11fffbfff]
[    0.000000] kvm-clock: cpu 0, msr 1:1ff50001, primary cpu clock
[    0.000000] kvm-clock: Using msrs 4b564d01 and 4b564d00
[    0.000000] kvm-clock: using sched offset of 4609022375 cycles
[    0.000000] clocksource: kvm-clock: mask: 0xffffffffffffffff max_cycles: 0x1cd42e4dffb, max_idle_ns: 881590591483 ns
[    0.000000] Zone ranges:
[    0.000000]   DMA      [mem 0x0000000000001000-0x0000000000ffffff]
[    0.000000]   DMA32    [mem 0x0000000001000000-0x00000000ffffffff]
[    0.000000]   Normal   [mem 0x0000000100000000-0x000000011fffffff]
[    0.000000]   Device   empty
[    0.000000] Movable zone start for each node
[    0.000000] Early memory node ranges
[    0.000000]   node   0: [mem 0x0000000000001000-0x000000000009efff]
[    0.000000]   node   0: [mem 0x0000000000100000-0x00000000dffeffff]
[    0.000000]   node   0: [mem 0x0000000100000000-0x000000011fffffff]
[    0.000000] Reserved but unavailable: 98 pages
[    0.000000] Initmem setup node 0 [mem 0x0000000000001000-0x000000011fffffff]
[    0.000000] ACPI: PM-Timer IO Port: 0x4008
[    0.000000] IOAPIC[0]: apic_id 2, version 32, address 0xfec00000, GSI 0-23
[    0.000000] ACPI: INT_SRC_OVR (bus 0 bus_irq 0 global_irq 2 dfl dfl)
[    0.000000] ACPI: INT_SRC_OVR (bus 0 bus_irq 9 global_irq 9 low level)
[    0.000000] Using ACPI (MADT) for SMP configuration information
[    0.000000] smpboot: Allowing 2 CPUs, 0 hotplug CPUs
[    0.000000] PM: Registered nosave memory: [mem 0x00000000-0x00000fff]
[    0.000000] PM: Registered nosave memory: [mem 0x0009f000-0x0009ffff]
[    0.000000] PM: Registered nosave memory: [mem 0x000a0000-0x000effff]
[    0.000000] PM: Registered nosave memory: [mem 0x000f0000-0x000fffff]
[    0.000000] PM: Registered nosave memory: [mem 0xdfff0000-0xdfffffff]
[    0.000000] PM: Registered nosave memory: [mem 0xe0000000-0xfebfffff]
[    0.000000] PM: Registered nosave memory: [mem 0xfec00000-0xfec00fff]
[    0.000000] PM: Registered nosave memory: [mem 0xfec01000-0xfedfffff]
[    0.000000] PM: Registered nosave memory: [mem 0xfee00000-0xfee00fff]
[    0.000000] PM: Registered nosave memory: [mem 0xfee01000-0xfffbffff]
[    0.000000] PM: Registered nosave memory: [mem 0xfffc0000-0xffffffff]
[    0.000000] e820: [mem 0xe0000000-0xfebfffff] available for PCI devices
[    0.000000] Booting paravirtualized kernel on KVM
[    0.000000] clocksource: refined-jiffies: mask: 0xffffffff max_cycles: 0xffffffff, max_idle_ns: 7645519600211568 ns
[    0.000000] random: get_random_bytes called from start_kernel+0x99/0x4fd with crng_init=0
[    0.000000] setup_percpu: NR_CPUS:8192 nr_cpumask_bits:2 nr_cpu_ids:2 nr_node_ids:1
[    0.000000] percpu: Embedded 45 pages/cpu s147456 r8192 d28672 u1048576
[    0.000000] PV qspinlock hash table entries: 256 (order: 0, 4096 bytes)
[    0.000000] Built 1 zonelists, mobility grouping on.  Total pages: 1032057
[    0.000000] Policy zone: Normal
[    0.000000] Kernel command line: BOOT_IMAGE=/boot/vmlinuz-4.15.0-74-generic root=LABEL=cloudimg-rootfs ro console=tty1 console=ttyS0
[    0.000000] Memory: 4013144K/4193848K available (12300K kernel code, 2481K rwdata, 4260K rodata, 2428K init, 2704K bss, 180704K reserved, 0K cma-reserved)
[    0.000000] SLUB: HWalign=64, Order=0-3, MinObjects=0, CPUs=2, Nodes=1
[    0.000000] Kernel/User page tables isolation: enabled
[    0.000000] ftrace: allocating 39322 entries in 154 pages
[    0.004000] Hierarchical RCU implementation.
[    0.004000] 	RCU restricting CPUs from NR_CPUS=8192 to nr_cpu_ids=2.
[    0.004000] 	Tasks RCU enabled.
[    0.004000] RCU: Adjusting geometry for rcu_fanout_leaf=16, nr_cpu_ids=2
[    0.004000] NR_IRQS: 524544, nr_irqs: 440, preallocated irqs: 16
[    0.004000] Console: colour VGA+ 80x25
[    0.004000] console [tty1] enabled
[    0.004000] console [ttyS0] enabled
[    0.004000] ACPI: Core revision 20170831
[    0.004000] ACPI: 2 ACPI AML tables successfully acquired and loaded
[    0.004000] APIC: Switch to symmetric I/O mode setup
[    0.004000] x2apic enabled
[    0.004000] Switched APIC routing to physical x2apic.
[    0.007661] ..TIMER: vector=0x30 apic1=0 pin1=2 apic2=-1 pin2=-1
[    0.008002] tsc: Detected 3392.156 MHz processor
[    0.009242] Calibrating delay loop (skipped) preset value.. 6784.31 BogoMIPS (lpj=13568624)
[    0.012002] pid_max: default: 32768 minimum: 301
[    0.013340] Security Framework initialized
[    0.014450] Yama: becoming mindful.
[    0.016026] AppArmor: AppArmor initialized
[    0.020169] Dentry cache hash table entries: 524288 (order: 10, 4194304 bytes)
[    0.023285] Inode-cache hash table entries: 262144 (order: 9, 2097152 bytes)
[    0.024022] Mount-cache hash table entries: 8192 (order: 4, 65536 bytes)
[    0.025808] Mountpoint-cache hash table entries: 8192 (order: 4, 65536 bytes)
[    0.028417] Last level iTLB entries: 4KB 1024, 2MB 1024, 4MB 1024
[    0.029999] Last level dTLB entries: 4KB 1024, 2MB 1024, 4MB 1024, 1GB 4
[    0.032002] Spectre V1 : Mitigation: usercopy/swapgs barriers and __user pointer sanitization
[    0.034331] Spectre V2 : Mitigation: Full generic retpoline
[    0.036002] Spectre V2 : Spectre v2 / SpectreRSB mitigation: Filling RSB on context switch
[    0.038241] Speculative Store Bypass: Vulnerable
[    0.040036] MDS: Vulnerable: Clear CPU buffers attempted, no microcode
[    0.042072] Freeing SMP alternatives memory: 36K
[    0.154141] smpboot: CPU0: Intel(R) Core(TM) i7-4770 CPU @ 3.40GHz (family: 0x6, model: 0x3c, stepping: 0x3)
[    0.156000] Performance Events: unsupported p6 CPU model 60 no PMU driver, software events only.
[    0.156033] Hierarchical SRCU implementation.
[    0.157956] NMI watchdog: Perf event create on CPU 0 failed with -2
[    0.160002] NMI watchdog: Perf NMI watchdog permanently disabled
[    0.161754] smp: Bringing up secondary CPUs ...
[    0.164079] x86: Booting SMP configuration:
[    0.165352] .... node  #0, CPUs:      #1
[    0.004000] kvm-clock: cpu 1, msr 1:1ff50041, secondary cpu clock
[    0.171264] smp: Brought up 1 node, 2 CPUs
[    0.172004] smpboot: Max logical packages: 1
[    0.173329] smpboot: Total of 2 processors activated (13568.62 BogoMIPS)
[    0.175334] devtmpfs: initialized
[    0.176084] x86/mm: Memory block size: 128MB
[    0.178173] evm: security.selinux
[    0.179243] evm: security.SMACK64
[    0.180003] evm: security.SMACK64EXEC
[    0.181109] evm: security.SMACK64TRANSMUTE
[    0.182336] evm: security.SMACK64MMAP
[    0.183515] evm: security.apparmor
[    0.184002] evm: security.ima
[    0.184966] evm: security.capability
[    0.188164] clocksource: jiffies: mask: 0xffffffff max_cycles: 0xffffffff, max_idle_ns: 7645041785100000 ns
[    0.191001] futex hash table entries: 512 (order: 3, 32768 bytes)
[    0.192052] pinctrl core: initialized pinctrl subsystem
[    0.193717] RTC time: 13:35:25, date: 02/21/20
[    0.196062] NET: Registered protocol family 16
[    0.197634] audit: initializing netlink subsys (disabled)
[    0.199203] audit: type=2000 audit(1582292131.305:1): state=initialized audit_enabled=0 res=1
[    0.200011] cpuidle: using governor ladder
[    0.201370] cpuidle: using governor menu
[    0.204086] ACPI: bus type PCI registered
[    0.205402] acpiphp: ACPI Hot Plug PCI Controller Driver version: 0.5
[    0.207330] PCI: Using configuration type 1 for base access
[    0.212027] HugeTLB registered 2.00 MiB page size, pre-allocated 0 pages
[    0.214064] ACPI: Added _OSI(Module Device)
[    0.216003] ACPI: Added _OSI(Processor Device)
[    0.217325] ACPI: Added _OSI(3.0 _SCP Extensions)
[    0.217325] ACPI: Added _OSI(Processor Aggregator Device)
[    0.220019] ACPI: Added _OSI(Linux-Dell-Video)
[    0.220019] ACPI: Added _OSI(Linux-Lenovo-NV-HDMI-Audio)
[    0.220019] ACPI: Added _OSI(Linux-HPI-Hybrid-Graphics)
[    0.224001] ACPI: Executed 1 blocks of module-level executable AML code
[    0.234228] ACPI: Interpreter enabled
[    0.235401] ACPI: (supports S0 S5)
[    0.236002] ACPI: Using IOAPIC for interrupt routing
[    0.238135] PCI: Using host bridge windows from ACPI; if necessary, use "pci=nocrs" and report a bug
[    0.244349] ACPI: Enabled 2 GPEs in block 00 to 07
[    0.258864] ACPI: PCI Root Bridge [PCI0] (domain 0000 [bus 00-ff])
[    0.260000] acpi PNP0A03:00: _OSC: OS supports [ASPM ClockPM Segments MSI]
[    0.265467] acpi PNP0A03:00: _OSC: not requesting OS control; OS requires [ExtendedConfig ASPM ClockPM MSI]
[    0.268020] acpi PNP0A03:00: fail to add MMCONFIG information, can't access extended PCI configuration space under this bridge.
[    0.272622] PCI host bridge to bus 0000:00
[    0.273875] pci_bus 0000:00: root bus resource [io  0x0000-0x0cf7 window]
[    0.276003] pci_bus 0000:00: root bus resource [io  0x0d00-0xffff window]
[    0.277898] pci_bus 0000:00: root bus resource [mem 0x000a0000-0x000bffff window]
[    0.280003] pci_bus 0000:00: root bus resource [mem 0xe0000000-0xfdffffff window]
[    0.282201] pci_bus 0000:00: root bus resource [bus 00-ff]
[    0.285937] pci 0000:00:01.1: legacy IDE quirk: reg 0x10: [io  0x01f0-0x01f7]
[    0.286302] pci 0000:00:01.1: legacy IDE quirk: reg 0x14: [io  0x03f6]
[    0.288000] pci 0000:00:01.1: legacy IDE quirk: reg 0x18: [io  0x0170-0x0177]
[    0.292003] pci 0000:00:01.1: legacy IDE quirk: reg 0x1c: [io  0x0376]
[    0.336934] pci 0000:00:07.0: quirk: [io  0x4000-0x403f] claimed by PIIX4 ACPI
[    0.339052] pci 0000:00:07.0: quirk: [io  0x4100-0x410f] claimed by PIIX4 SMB
[    0.357579] ACPI: PCI Interrupt Link [LNKA] (IRQs 5 9 10 *11)
[    0.360000] ACPI: PCI Interrupt Link [LNKB] (IRQs 5 9 *10 11)
[    0.364236] ACPI: PCI Interrupt Link [LNKC] (IRQs 5 *9 10 11)
[    0.366103] ACPI: PCI Interrupt Link [LNKD] (IRQs 5 9 10 *11)
[    0.368002] SCSI subsystem initialized
[    0.368072] pci 0000:00:02.0: vgaarb: setting as boot VGA device
[    0.369823] pci 0000:00:02.0: vgaarb: VGA device added: decodes=io+mem,owns=io+mem,locks=none
[    0.372004] pci 0000:00:02.0: vgaarb: bridge control possible
[    0.372004] vgaarb: loaded
[    0.372940] ACPI: bus type USB registered
[    0.374143] usbcore: registered new interface driver usbfs
[    0.375717] usbcore: registered new interface driver hub
[    0.380020] usbcore: registered new device driver usb
[    0.381540] EDAC MC: Ver: 3.0.0
[    0.384031] PCI: Using ACPI for IRQ routing
[    0.385616] NetLabel: Initializing
[    0.386773] NetLabel:  domain hash size = 128
[    0.386773] NetLabel:  protocols = UNLABELED CIPSOv4 CALIPSO
[    0.386773] NetLabel:  unlabeled traffic allowed by default
[    0.392158] clocksource: Switched to clocksource kvm-clock
[    0.421645] VFS: Disk quotas dquot_6.6.0
[    0.422850] VFS: Dquot-cache hash table entries: 512 (order 0, 4096 bytes)
[    0.424989] AppArmor: AppArmor Filesystem Enabled
[    0.426445] pnp: PnP ACPI init
[    0.429622] pnp: PnP ACPI: found 3 devices
[    0.437347] clocksource: acpi_pm: mask: 0xffffff max_cycles: 0xffffff, max_idle_ns: 2085701024 ns
[    0.440173] NET: Registered protocol family 2
[    0.441789] TCP established hash table entries: 32768 (order: 6, 262144 bytes)
[    0.444087] TCP bind hash table entries: 32768 (order: 7, 524288 bytes)
[    0.446306] TCP: Hash tables configured (established 32768 bind 32768)
[    0.448210] UDP hash table entries: 2048 (order: 4, 65536 bytes)
[    0.449958] UDP-Lite hash table entries: 2048 (order: 4, 65536 bytes)
[    0.451926] NET: Registered protocol family 1
[    0.453205] pci 0000:00:00.0: Limiting direct PCI/PCI transfers
[    0.454877] pci 0000:00:01.0: Activating ISA DMA hang workarounds
[    0.456734] pci 0000:00:02.0: Video device with shadowed ROM at [mem 0x000c0000-0x000dffff]
[    0.459244] Unpacking initramfs...
[    0.974987] Freeing initrd memory: 19744K
[    0.976331] PCI-DMA: Using software bounce buffering for IO (SWIOTLB)
[    0.978187] software IO TLB: mapped [mem 0xdbff0000-0xdfff0000] (64MB)
[    0.980277] clocksource: tsc: mask: 0xffffffffffffffff max_cycles: 0x30e55c94630, max_idle_ns: 440795285124 ns
[    0.983249] platform rtc_cmos: registered platform RTC device (no PNP device found)
[    0.985639] Scanning for low memory corruption every 60 seconds
[    0.990048] Initialise system trusted keyrings
[    0.991337] Key type blacklist registered
[    0.992745] workingset: timestamp_bits=36 max_order=20 bucket_order=0
[    0.997790] zbud: loaded
[    0.999064] squashfs: version 4.0 (2009/01/31) Phillip Lougher
[    1.001113] fuse init (API version 7.26)
[    1.004622] Key type asymmetric registered
[    1.005896] Asymmetric key parser 'x509' registered
[    1.007335] Block layer SCSI generic (bsg) driver version 0.4 loaded (major 246)
[    1.009703] io scheduler noop registered
[    1.010896] io scheduler deadline registered
[    1.012304] io scheduler cfq registered (default)
[    1.013904] ACPI: AC Adapter [AC] (on-line)
[    1.015227] input: Power Button as /devices/LNXSYSTM:00/LNXPWRBN:00/input/input0
[    1.017598] ACPI: Power Button [PWRF]
[    1.018849] input: Sleep Button as /devices/LNXSYSTM:00/LNXSLPBN:00/input/input1
[    1.021110] ACPI: Sleep Button [SLPF]
[    1.022540] Serial: 8250/16550 driver, 32 ports, IRQ sharing enabled
[    1.045428] 00:02: ttyS0 at I/O 0x3f8 (irq = 4, base_baud = 115200) is a 16550A
[    1.050446] Linux agpgart interface v0.103
[    1.054009] loop: module loaded
[    1.055881] scsi host0: ata_piix
[    1.057291] scsi host1: ata_piix
[    1.058373] ata1: PATA max UDMA/33 cmd 0x1f0 ctl 0x3f6 bmdma 0xd000 irq 14
[    1.060274] ata2: PATA max UDMA/33 cmd 0x170 ctl 0x376 bmdma 0xd008 irq 15
[    1.062362] libphy: Fixed MDIO Bus: probed
[    1.063730] tun: Universal TUN/TAP device driver, 1.6
[    1.065556] PPP generic driver version 2.4.2
[    1.066909] ehci_hcd: USB 2.0 'Enhanced' Host Controller (EHCI) Driver
[    1.068788] ehci-pci: EHCI PCI platform driver
[    1.070124] ehci-platform: EHCI generic platform driver
[    1.071629] ohci_hcd: USB 1.1 'Open' Host Controller (OHCI) Driver
[    1.073404] ohci-pci: OHCI PCI platform driver
[    1.074760] ohci-platform: OHCI generic platform driver
[    1.076346] uhci_hcd: USB Universal Host Controller Interface driver
[    1.078237] i8042: PNP: PS/2 Controller [PNP0303:PS2K,PNP0f03:PS2M] at 0x60,0x64 irq 1,12
[    1.081165] serio: i8042 KBD port at 0x60,0x64 irq 1
[    1.082628] serio: i8042 AUX port at 0x60,0x64 irq 12
[    1.084155] mousedev: PS/2 mouse device common for all mice
[    1.086177] input: AT Translated Set 2 keyboard as /devices/platform/i8042/serio0/input/input2
[    1.089145] rtc_cmos rtc_cmos: rtc core: registered rtc_cmos as rtc0
[    1.091048] rtc_cmos rtc_cmos: alarms up to one day, 114 bytes nvram
[    1.092955] i2c /dev entries driver
[    1.094118] device-mapper: uevent: version 1.0.3
[    1.095577] device-mapper: ioctl: 4.37.0-ioctl (2017-09-20) initialised: dm-devel@redhat.com
[    1.098131] ledtrig-cpu: registered to indicate activity on CPUs
[    1.100516] NET: Registered protocol family 10
[    1.106549] Segment Routing with IPv6
[    1.107812] NET: Registered protocol family 17
[    1.109226] Key type dns_resolver registered
[    1.110789] mce: Using 0 MCE banks
[    1.111899] RAS: Correctable Errors collector initialized.
[    1.113532] sched_clock: Marking stable (1113512276, 0)->(1579905474, -466393198)
[    1.116106] registered taskstats version 1
[    1.117494] Loading compiled-in X.509 certificates
[    1.121992] Loaded X.509 cert 'Build time autogenerated kernel key: 62d24f9c726e026b112735485dad6e6e4b50c923'
[    1.124922] zswap: loaded using pool lzo/zbud
[    1.130642] Key type big_key registered
[    1.131881] Key type trusted registered
[    1.135441] Key type encrypted registered
[    1.136863] AppArmor: AppArmor sha1 policy hashing enabled
[    1.138488] ima: No TPM chip found, activating TPM-bypass! (rc=-19)
[    1.140269] ima: Allocated hash algorithm: sha1
[    1.141722] evm: HMAC attrs: 0x1
[    1.143034]   Magic number: 8:959:584
[    1.144269] rtc_cmos rtc_cmos: setting system clock to 2020-02-21 13:35:26 UTC (1582292126)
[    1.146777] BIOS EDD facility v0.16 2004-Jun-25, 0 devices found
[    1.148422] EDD information not available.
[    1.258651] Freeing unused kernel image memory: 2428K
[    1.268871] Write protecting the kernel read-only data: 20480k
[    1.273754] Freeing unused kernel image memory: 2008K
[    1.277130] Freeing unused kernel image memory: 1884K
[    1.309269] x86/mm: Checked W+X mappings: passed, no W+X pages found.
[    1.311083] x86/mm: Checking user space page tables
[    1.339499] x86/mm: Checked W+X mappings: passed, no W+X pages found.
Loading, please wait...
starting version 237
[    1.446678] Fusion MPT base driver 3.04.20
[    1.447953] Copyright (c) 1999-2008 LSI Corporation
[    1.456537] Fusion MPT SPI Host driver 3.04.20
[    1.458857] e1000: Intel(R) PRO/1000 Network Driver - version 7.3.21-k8-NAPI
[    1.460876] e1000: Copyright (c) 1999-2006 Intel Corporation.
[    1.480049] AVX2 version of gcm_enc/dec engaged.
[    1.481451] AES CTR mode by8 optimization enabled
[    1.492501] mptbase: ioc0: Initiating bringup
[    1.509597] vboxvideo: loading out-of-tree module taints kernel.
[    1.511542] vboxvideo: module verification failed: signature and/or required key missing - tainting kernel
[    1.659434] ioc0: LSI53C1030 A0: Capabilities={Initiator}
[    1.692954] input: ImExPS/2 Generic Explorer Mouse as /devices/platform/i8042/serio1/input/input4
[    2.768490] scsi host2: ioc0: LSI53C1030 A0, FwRev=00000000h, Ports=1, MaxQ=256, IRQ=20
[    3.752170] scsi 2:0:0:0: Direct-Access     VBOX     HARDDISK         1.0  PQ: 0 ANSI: 5
[    4.015315] scsi target2:0:0: Beginning Domain Validation
[    4.064496] scsi target2:0:0: Domain Validation skipping write tests
[    4.066396] scsi target2:0:0: Ending Domain Validation
[    4.068092] scsi target2:0:0: asynchronous
[    4.070122] scsi 2:0:1:0: Direct-Access     VBOX     HARDDISK         1.0  PQ: 0 ANSI: 5
[    4.356069] scsi target2:0:1: Beginning Domain Validation
[    4.359152] random: fast init done
[    4.360756] scsi target2:0:1: Domain Validation skipping write tests
[    4.362470] scsi target2:0:1: Ending Domain Validation
[    4.363920] scsi target2:0:1: asynchronous
[    4.370577] random: systemd-udevd: uninitialized urandom read (16 bytes read)
[    4.370761] sd 2:0:0:0: Attached scsi generic sg0 type 0
[    4.372699] random: systemd-udevd: uninitialized urandom read (16 bytes read)
[    4.374401] sd 2:0:1:0: Attached scsi generic sg1 type 0
[    4.376216] random: systemd-udevd: uninitialized urandom read (16 bytes read)
[    4.379977] sd 2:0:0:0: [sda] 20971520 512-byte logical blocks: (10.7 GB/10.0 GiB)
[    4.382435] sd 2:0:0:0: [sda] Write Protect is off
[    4.383900] sd 2:0:1:0: [sdb] 20480 512-byte logical blocks: (10.5 MB/10.0 MiB)
[    4.386348] sd 2:0:1:0: [sdb] Write Protect is off
[    4.387812] sd 2:0:0:0: [sda] Incomplete mode parameter data
[    4.389556] sd 2:0:0:0: [sda] Assuming drive cache: write through
[    4.391517] sd 2:0:1:0: [sdb] Incomplete mode parameter data
[    4.393253] sd 2:0:1:0: [sdb] Assuming drive cache: write through
[    4.396955]  sda: sda1
[    4.398854] sd 2:0:0:0: [sda] Attached SCSI disk
[    4.406979] e1000 0000:00:03.0 eth0: (PCI:33MHz:32-bit) 02:6f:f9:1e:39:dc
[    4.408998] e1000 0000:00:03.0 eth0: Intel(R) PRO/1000 Network Connection
[    4.412212] e1000 0000:00:03.0 enp0s3: renamed from eth0
[    4.412769] [drm] VRAM 01000000
[    4.415029] [TTM] Zone  kernel: Available graphics memory: 2019622 kiB
[    4.416924] [TTM] Initializing pool allocator
[    4.418260] [TTM] Initializing DMA pool allocator
[    4.422841] fbcon: vboxdrmfb (fb0) is primary device
[    4.425920] sd 2:0:1:0: [sdb] Attached SCSI disk
[    4.428850] Console: switching to colour frame buffer device 100x37
[    4.436031] vboxvideo 0000:00:02.0: fb0: vboxdrmfb frame buffer device
[    4.456736] [drm] Initialized vboxvideo 1.0.0 20130823 for 0000:00:02.0 on minor 0
Begin: Loading essential drivers ... [    4.768064] raid6: sse2x1   gen()  3258 MB/s
[    4.816094] raid6: sse2x1   xor()  2147 MB/s
[    4.864402] raid6: sse2x2   gen()  7439 MB/s
[    4.912262] raid6: sse2x2   xor()  3492 MB/s
[    4.960084] raid6: sse2x4   gen()  8021 MB/s
[    5.008418] raid6: sse2x4   xor()  4855 MB/s
[    5.056297] raid6: avx2x1   gen()  6552 MB/s
[    5.104095] raid6: avx2x1   xor()  3641 MB/s
[    5.152584] raid6: avx2x2   gen() 12052 MB/s
[    5.200265] raid6: avx2x2   xor()  6367 MB/s
[    5.248238] raid6: avx2x4   gen() 16305 MB/s
[    5.296044] raid6: avx2x4   xor()  8876 MB/s
[    5.297402] raid6: using algorithm avx2x4 gen() 16305 MB/s
[    5.298896] raid6: .... xor() 8876 MB/s, rmw enabled
[    5.300383] raid6: using avx2x2 recovery algorithm
[    5.303435] xor: automatically using best checksumming function   avx       
[    5.307028] async_tx: api initialized (async)
done.
Begin: Running /scripts/init-premount ... done.
Begin: Mounting root file system ... Begin: Running /scripts/local-top ... done.
Begin: Running /scripts/local-premount ... [    5.380056] Btrfs loaded, crc32c=crc32c-intel
Scanning for Btrfs filesystems
done.
Warning: fsck not present, so skipping root file system
[    5.410781] EXT4-fs (sda1): INFO: recovery required on readonly filesystem
[    5.412760] EXT4-fs (sda1): write access will be enabled during recovery
[    5.464293] EXT4-fs (sda1): orphan cleanup on readonly fs
[    5.496420] EXT4-fs (sda1): 1 orphan inode deleted
[    5.498178] EXT4-fs (sda1): recovery complete
[    5.512317] EXT4-fs (sda1): mounted filesystem with ordered data mode. Opts: (null)
done.
Begin: Running /scripts/local-bottom ... done.
Begin: Running /scripts/init-bottom ... done.
[    6.427806] ip_tables: (C) 2000-2006 Netfilter Core Team
[    6.526176] systemd[1]: systemd 237 running in system mode. (+PAM +AUDIT +SELINUX +IMA +APPARMOR +SMACK +SYSVINIT +UTMP +LIBCRYPTSETUP +GCRYPT +GNUTLS +ACL +XZ +LZ4 +SECCOMP +BLKID +ELFUTILS +KMOD -IDN2 +IDN -PCRE2 default-hierarchy=hybrid)
[    6.533831] systemd[1]: Detected virtualization oracle.
[    6.536061] systemd[1]: Detected architecture x86-64.

Welcome to [1mUbuntu 18.04.3 LTS[0m!

[    6.565449] systemd[1]: Set hostname to <ubuntu-bionic>.
[    7.626469] random: crng init done
[    7.628438] random: 7 urandom warning(s) missed due to ratelimiting
[    8.135382] systemd[1]: Reached target Swap.
[[0;32m  OK  [0m] Reached target Swap.
[    8.137990] systemd[1]: Reached target User and Group Name Lookups.
[[0;32m  OK  [0m] Reached target User and Group Name Lookups.
[    8.142904] systemd[1]: Created slice User and Session Slice.
[[0;32m  OK  [0m] Created slice User and Session Slice.
[    8.164417] systemd[1]: Started Forward Password Requests to Wall Directory Watch.
[[0;32m  OK  [0m] Started Forward Password Requests to Wall Directory Watch.
[    8.168463] systemd[1]: Created slice System Slice.
[[0;32m  OK  [0m] Created slice System Slice.
[    8.171097] systemd[1]: Listening on Journal Socket (/dev/log).
[[0;32m  OK  [0m] Listening on Journal Socket (/dev/log).
[[0;32m  OK  [0m] Listening on udev Kernel Socket.
[[0;32m  OK  [0m] Listening on Journal Audit Socket.
[[0;32m  OK  [0m] Listening on Journal Socket.
         Starting Uncomplicated firewall...
         Starting Create list of required st…ce nodes for the current kernel...
         Mounting POSIX Message Queue File System...
         Mounting Kernel Debug File System...
         Mounting Huge Pages File System...
[[0;32m  OK  [0m] Listening on udev Control Socket.
         Starting Set the console keyboard layout...
[[0;32m  OK  [0m] Created slice system-serial\x2dgetty.slice.
[[0;32m  OK  [0m] Listening on LVM2 metadata daemon socket.
         Starting udev Coldplug all Devices...
         Starting Remount Root and Kernel File Systems...
[[0;32m  OK  [0m] Listening on Device-mapper event daemon FIFOs.
         Starting Monitoring of LVM2 mirrors…ng dmeventd or progress polling...
[[0;32m  OK  [0m] Listening on /dev/initctl Compatibility Named Pipe.
[[0;32m  OK  [0m] Listening on Network Service Netlink Socket.
[[0;32m  OK  [0m] Reached target Slices.
[[0;32m  OK  [0m] Listening on Syslog Socket.
         Starting Journal Service...
[[0;32m  OK  [0m] Listening on LVM2 poll daemon socket.
         Starting Load Kernel Modules...
[[0;32m  OK  [0m] Reached target System Time Synchronized.
[[0;32m  OK  [0m] Set up automount Arbitrary Executab…rmats File System Automount Point.
[[0;32m  OK  [0m] Started Uncomplicated firewall.
[[0;32m  OK  [0m] Started Create list of required sta…vice nodes for the current kernel.
[[0;32m  OK  [0m] Mounted POSIX Message Queue File System.
[[0;32m  OK  [0m] Mounted Kernel Debug File System.
[[0;32m  OK  [0m] Mounted Huge Pages File System.
[    8.515997] EXT4-fs (sda1): re-mounted. Opts: (null)
[[0;32m  OK  [0m] Started LVM2 metadata daemon.
         Starting Create Static Device Nodes in /dev...
[[0;32m  OK  [0m] Started Journal Service.
[[0;32m  OK  [0m] Started Remount Root and Kernel File Systems.
         Starting Load/Save Random Seed...
         Starting Flush Journal to Persistent Storage...
[[0;32m  OK  [0m] Started udev Coldplug all Devices.
[[0;32m  OK  [0m] Started Create Static Device Nodes in /dev.
         Starting udev Kernel Device Manager...
[    8.640448] Loading iSCSI transport class v2.0-870.
[[0;32m  OK  [0m] Started Load/Save Random Seed.
[    8.792601] systemd-journald[408]: Received request to flush runtime journal from PID 1
[    8.913690] iscsi: registered transport (tcp)
[[0;32m  OK  [0m] Started Monitoring of LVM2 mirrors,…sing dmeventd or progress polling.
[[0;32m  OK  [0m] Started udev Kernel Device Manager.
[    9.132978] systemd-journald[408]: File /var/log/journal/febf455a497e4045a250e2d20768a72d/system.journal corrupted or uncleanly shut down, renaming and replacing.
[[0;32m  OK  [0m] Started Set the console keyboard layout.
[[0;32m  OK  [0m] Reached target Local File Systems (Pre).
[    9.162845] iscsi: registered transport (iser)
[[0;32m  OK  [0m] Reached target Local File Systems.
         Starting Tell Plymouth To Write Out Runtime Data...
         Starting Set console font and keymap...
         Starting AppArmor initialization...
         Starting ebtables ruleset management...
[[0;32m  OK  [0m] Started Dispatch Password Requests to Console Directory Watch.
[[0;32m  OK  [0m] Reached target Local Encrypted Volumes.
[[0;32m  OK  [0m] Started Load Kernel Modules.
         Mounting Kernel Configuration File System...
         Starting Apply Kernel Variables...
         Mounting FUSE Control File System...
[[0;32m  OK  [0m] Mounted FUSE Control File System.
[[0;32m  OK  [0m] Started Tell Plymouth To Write Out Runtime Data.
[[0;32m  OK  [0m] Mounted Kernel Configuration File System.
[[0;32m  OK  [0m] Started Set console font and keymap.
[[0;32m  OK  [0m] Started Flush Journal to Persistent Storage.
         Starting Create Volatile Files and Directories...
[    9.466579] ACPI: Video Device [GFX0] (multi-head: yes  rom: no  post: no)
[    9.472256] input: Video Bus as /devices/LNXSYSTM:00/LNXSYBUS:00/PNP0A03:00/LNXVIDEO:00/input/input5
[[0;32m  OK  [0m] Found device /dev/ttyS0.
[[0;32m  OK  [0m] Started Apply Kernel Variables.
[[0;32m  OK  [0m] Listening on Load/Save RF Kill Switch Status /dev/rfkill Watch.
[[0;32m  OK  [0m] Started Create Volatile Files and Directories.
         Starting Update UTMP about System Boot/Shutdown...
[[0;32m  OK  [0m] Started Update UTMP about System Boot/Shutdown.
[[0;32m  OK  [0m] Started ebtables ruleset management.
[[0;32m  OK  [0m] Started AppArmor initialization.
         Starting Initial cloud-init job (pre-networking)...
[   14.091253] cloud-init[622]: Cloud-init v. 19.3-41-gc4735dd3-0ubuntu1~18.04.1 running 'init-local' at Fri, 21 Feb 2020 13:35:39 +0000. Up 13.68 seconds.
[[0;32m  OK  [0m] Started Initial cloud-init job (pre-networking).
[[0;32m  OK  [0m] Reached target Network (Pre).
         Starting Network Service...
[[0;32m  OK  [0m] Started Network Service.
         Starting Wait for Network to be Configured...
         Starting Network Name Resolution...
[[0;32m  OK  [0m] Started Network Name Resolution.
[[0;32m  OK  [0m] Reached target Host and Network Name Lookups.
[[0;32m  OK  [0m] Reached target Network.
[[0;32m  OK  [0m] Started Wait for Network to be Configured.
         Starting Initial cloud-init job (metadata service crawler)...
[   16.920566] cloud-init[727]: Cloud-init v. 19.3-41-gc4735dd3-0ubuntu1~18.04.1 running 'init' at Fri, 21 Feb 2020 13:35:41 +0000. Up 16.53 seconds.
[   16.932120] cloud-init[727]: ci-info: ++++++++++++++++++++++++++++++++++++++Net device info++++++++++++++++++++++++++++++++++++++
[   16.933462] cloud-init[727]: ci-info: +--------+------+----------------------------+---------------+--------+-------------------+
[   16.944860] cloud-init[727]: ci-info: | Device |  Up  |          Address           |      Mask     | Scope  |     Hw-Address    |
[   16.946208] cloud-init[727]: ci-info: +--------+------+----------------------------+---------------+--------+-------------------+
[   16.956777] cloud-init[727]: ci-info: | enp0s3 | True |         10.0.2.15          | 255.255.255.0 | global | 02:6f:f9:1e:39:dc |
[   16.958687] cloud-init[727]: ci-info: | enp0s3 | True | fe80::6f:f9ff:fe1e:39dc/64 |       .       |  link  | 02:6f:f9:1e:39:dc |
[   16.960435] cloud-init[727]: ci-info: |   lo   | True |         127.0.0.1          |   255.0.0.0   |  host  |         .         |
[   16.972253] cloud-init[727]: ci-info: |   lo   | True |          ::1/128           |       .       |  host  |         .         |
[   16.973434] cloud-init[727]: ci-info: +--------+------+----------------------------+---------------+--------+-------------------+
[   16.974565] cloud-init[727]: ci-info: ++++++++++++++++++++++++++++Route IPv4 info+++++++++++++++++++++++++++++
[   16.984099] cloud-init[727]: ci-info: +-------+-------------+----------+-----------------+-----------+-------+
[   16.996311] cloud-init[727]: ci-info: | Route | Destination | Gateway  |     Genmask     | Interface | Flags |
[   17.008483] cloud-init[727]: ci-info: +-------+-------------+----------+-----------------+-----------+-------+
[   17.020310] cloud-init[727]: ci-info: |   0   |   0.0.0.0   | 10.0.2.2 |     0.0.0.0     |   enp0s3  |   UG  |
[   17.021390] cloud-init[727]: ci-info: |   1   |   10.0.2.0  | 0.0.0.0  |  255.255.255.0  |   enp0s3  |   U   |
[   17.032191] cloud-init[727]: ci-info: |   2   |   10.0.2.2  | 0.0.0.0  | 255.255.255.255 |   enp0s3  |   UH  |
[   17.045011] cloud-init[727]: ci-info: +-------+-------------+----------+-----------------+-----------+-------+
[   17.046139] cloud-init[727]: ci-info: +++++++++++++++++++Route IPv6 info+++++++++++++++++++
[   17.047038] cloud-init[727]: ci-info: +-------+-------------+---------+-----------+-------+
[   17.047955] cloud-init[727]: ci-info: | Route | Destination | Gateway | Interface | Flags |
[   17.048988] cloud-init[727]: ci-info: +-------+-------------+---------+-----------+-------+
[   17.049948] cloud-init[727]: ci-info: |   1   |  fe80::/64  |    ::   |   enp0s3  |   U   |
[   17.060583] cloud-init[727]: ci-info: |   3   |    local    |    ::   |   enp0s3  |   U   |
[   17.072274] cloud-init[727]: ci-info: |   4   |   ff00::/8  |    ::   |   enp0s3  |   U   |
[   17.073223] cloud-init[727]: ci-info: +-------+-------------+---------+-----------+-------+
[[0;32m  OK  [0m] Started Initial cloud-init job (metadata service crawler).
[[0;32m  OK  [0m] Reached target System Initialization.
[[0;32m  OK  [0m] Started Daily apt download activities.
[[0;32m  OK  [0m] Listening on D-Bus System Message Bus Socket.
[[0;32m  OK  [0m] Listening on UUID daemon activation socket.
[[0;32m  OK  [0m] Started ACPI Events Check.
[[0;32m  OK  [0m] Reached target Paths.
         Starting LXD - unix socket.
[[0;32m  OK  [0m] Started Daily Cleanup of Temporary Directories.
[[0;32m  OK  [0m] Started Message of the Day.
[[0;32m  OK  [0m] Listening on ACPID Listen Socket.
[[0;32m  OK  [0m] Started Daily apt upgrade and clean activities.
         Starting Socket activation for snappy daemon.
[[0;32m  OK  [0m] Listening on Open-iSCSI iscsid Socket.
         Starting Docker Socket for the API.
[[0;32m  OK  [0m] Started Discard unused blocks once a week.
[[0;32m  OK  [0m] Reached target Timers.
[[0;32m  OK  [0m] Reached target Cloud-config availability.
[[0;32m  OK  [0m] Reached target Network is Online.
[[0;32m  OK  [0m] Reached target Remote File Systems (Pre).
[[0;32m  OK  [0m] Reached target Remote File Systems.
         Starting Availability of block devices...
[[0;32m  OK  [0m] Listening on LXD - unix socket.
[[0;32m  OK  [0m] Listening on Socket activation for snappy daemon.
[[0;32m  OK  [0m] Listening on Docker Socket for the API.
[[0;32m  OK  [0m] Reached target Sockets.
[[0;32m  OK  [0m] Reached target Basic System.
[[0;32m  OK  [0m] Started Jenkins Daemon.
         Starting vboxadd.service...
[[0;32m  OK  [0m] Started D-Bus System Message Bus.
[[0;32m  OK  [0m] Started Regular background program processing daemon.
         Starting Accounts Service...
         Starting LSB: automatic crash report generation...
         Starting System Logging Service...
         Starting Login Service...
         Starting Message of the Day...
         Starting Permit User Sessions...
         Starting containerd container runtime...
[[0;32m  OK  [0m] Started FUSE filesystem for LXC.
         Starting Dispatcher daemon for systemd-networkd...
         Starting OpenBSD Secure Shell server...
         Starting Snappy daemon...
         Starting LSB: Record successful boot for GRUB...
[[0;32m  OK  [0m] Started irqbalance daemon.
[[0;32m  OK  [0m] Started Deferred execution scheduler.
         Starting Ubuntu FAN network setup...
         Starting LXD - container startup/shutdown...
[[0;32m  OK  [0m] Started System Logging Service.
[[0;32m  OK  [0m] Started Availability of block devices.
[[0;32m  OK  [0m] Started Permit User Sessions.
[[0;32m  OK  [0m] Started containerd container runtime.
[[0;32m  OK  [0m] Started Login Service.
         Starting Authorization Manager...
[[0;32m  OK  [0m] Started Unattended Upgrades Shutdown.
         Starting Hold until boot process finishes up...
         Starting Terminate Plymouth Boot Screen...
[[0;32m  OK  [0m] Started Hold until boot process finishes up.
[[0;32m  OK  [0m] Started Serial Getty on ttyS0.
         Starting Set console scheme...
[[0;32m  OK  [0m] Started Terminate Plymouth Boot Screen.
[[0;32m  OK  [0m] Started Set console scheme.
[[0;32m  OK  [0m] Created slice system-getty.slice.
[[0;32m  OK  [0m] Started Getty on tty1.
[[0;32m  OK  [0m] Reached target Login Prompts.
[[0;32m  OK  [0m] Started LSB: automatic crash report generation.
[[0;32m  OK  [0m] Started LSB: Record successful boot for GRUB.
[[0;32m  OK  [0m] Started Authorization Manager.
[[0;32m  OK  [0m] Started Accounts Service.
[[0;32m  OK  [0m] Started Ubuntu FAN network setup.
[[0;32m  OK  [0m] Started Dispatcher daemon for systemd-networkd.
[[0;32m  OK  [0m] Started OpenBSD Secure Shell server.

Ubuntu 18.04.3 LTS ubuntu-bionic ttyS0

ubuntu-bionic login: [   29.862751] cloud-init[1524]: Cloud-init v. 19.3-41-gc4735dd3-0ubuntu1~18.04.1 running 'modules:config' at Fri, 21 Feb 2020 13:35:54 +0000. Up 29.33 seconds.
[   36.646302] cloud-init[1905]: Cloud-init v. 19.3-41-gc4735dd3-0ubuntu1~18.04.1 running 'modules:final' at Fri, 21 Feb 2020 13:36:01 +0000. Up 36.38 seconds.
[   36.648222] cloud-init[1905]: Cloud-init v. 19.3-41-gc4735dd3-0ubuntu1~18.04.1 finished at Fri, 21 Feb 2020 13:36:01 +0000. Datasource DataSourceNoCloud [seed=/dev/sdb][dsmode=net].  Up 36.62 seconds
         Stopping Authorization Manager...
         Stopping Availability of block devices...
         Stopping User Manager for UID 1000...
[[0;32m  OK  [0m] Stopped target Graphical Interface.
[[0;32m  OK  [0m] Stopped target Timers.
[[0;32m  OK  [0m] Stopped Daily Cleanup of Temporary Directories.
         Stopping Docker Application Container Engine...
[[0;32m  OK  [0m] Stopped target Host and Network Name Lookups.
         Stopping Accounts Service...
[[0;32m  OK  [0m] Stopped target Cloud-init target.
[[0;32m  OK  [0m] Stopped Execute cloud user/final scripts.
[[0;32m  OK  [0m] Stopped Apply the settings specified in cloud-config.
[[0;32m  OK  [0m] Stopped target Multi-User System.
         Stopping D-Bus System Message Bus...
         Stopping Ubuntu FAN network setup...
         Stopping Regular background program processing daemon...
         Stopping OpenBSD Secure Shell server...
[[0;32m  OK  [0m] Stopped Wait until snapd is fully seeded.
[[0;32m  OK  [0m] Stopped target Login Prompts.
         Stopping Serial Getty on ttyS0...
         Stopping Getty on tty1...
         Stopping System Logging Service...
         Stopping vboxadd-service.service...
         Stopping Dispatcher daemon for systemd-networkd...
[[0;32m  OK  [0m] Closed Load/Save RF Kill Switch Status /dev/rfkill Watch.
         Stopping LSB: Record successful boot for GRUB...
[[0;32m  OK  [0m] Stopped Discard unused blocks once a week.
         Stopping Jenkins Daemon...
[[0;32m  OK  [0m] Stopped Daily apt upgrade and clean activities.
         Stopping LSB: automatic crash report generation...
         Stopping FUSE filesystem for LXC...
         Stopping Daemon for generating UUIDs...
         Stopping Unattended Upgrades Shutdown...
         Stopping Session 9 of user vagrant.
[[0;32m  OK  [0m] Stopped Message of the Day.
[[0;32m  OK  [0m] Stopped target Cloud-config availability.
         Stopping Deferred execution scheduler...
         Stopping irqbalance daemon...
[[0;32m  OK  [0m] Stopped Daily apt download activities.
[[0;32m  OK  [0m] Stopped target System Time Synchronized.
         Stopping LXD - container startup/shutdown...
[[0;32m  OK  [0m] Unmounted /var/lib/lxcfs.
[[0;32m  OK  [0m] Stopped Regular background program processing daemon.
[[0;32m  OK  [0m] Stopped Accounts Service.
[[0;32m  OK  [0m] Stopped System Logging Service.
[[0;32m  OK  [0m] Stopped Dispatcher daemon for systemd-networkd.
[[0;32m  OK  [0m] Stopped irqbalance daemon.
[[0;32m  OK  [0m] Stopped Deferred execution scheduler.
[[0;32m  OK  [0m] Stopped Authorization Manager.
[[0;32m  OK  [0m] Stopped Serial Getty on ttyS0.
[[0;32m  OK  [0m] Stopped Getty on tty1.
[[0;32m  OK  [0m] Stopped OpenBSD Secure Shell server.
[[0;32m  OK  [0m] Stopped Docker Application Container Engine.
[[0;32m  OK  [0m] Stopped Daemon for generating UUIDs.
[[0;32m  OK  [0m] Stopped User Manager for UID 1000.
[[0;32m  OK  [0m] Stopped D-Bus System Message Bus.
[[0;32m  OK  [0m] Stopped Ubuntu FAN network setup.
[[0;32m  OK  [0m] Stopped Unattended Upgrades Shutdown.
[[0;32m  OK  [0m] Stopped Session 9 of user vagrant.
[[0;32m  OK  [0m] Removed slice User Slice of vagrant.
         Stopping Login Service...
         Stopping containerd container runtime...
[[0;32m  OK  [0m] Stopped target Network is Online.
[[0;32m  OK  [0m] Removed slice system-getty.slice.
         Stopping Permit User Sessions...
[[0;32m  OK  [0m] Removed slice system-serial\x2dgetty.slice.
[[0;32m  OK  [0m] Stopped LSB: Record successful boot for GRUB.
[[0;32m  OK  [0m] Stopped containerd container runtime.
[[0;32m  OK  [0m] Stopped Permit User Sessions.
[[0;32m  OK  [0m] Stopped LXD - container startup/shutdown.
[[0;32m  OK  [0m] Stopped FUSE filesystem for LXC.
[[0;32m  OK  [0m] Stopped Login Service.
[[0;32m  OK  [0m] Stopped target User and Group Name Lookups.
[[0;32m  OK  [0m] Stopped LSB: automatic crash report generation.
[[0;32m  OK  [0m] Stopped target Remote File Systems.
[[0;32m  OK  [0m] Stopped target Remote File Systems (Pre).
[[0;32m  OK  [0m] Stopped Availability of block devices.
[[0;32m  OK  [0m] Stopped vboxadd-service.service.
         Stopping vboxadd.service...
[[0;32m  OK  [0m] Unmounted /vagrant_data.
[[0;32m  OK  [0m] Unmounted /vagrant.
[[0;32m  OK  [0m] Stopped vboxadd.service.
[[0;1;31m*[0m[0;31m*    [0m] A stop job is running for Jenkins Daemon (5s / 1min 30s)[K[[0;31m*[0;1;31m*[0m[0;31m*   [0m] A stop job is running for Jenkins Daemon (6s / 1min 30s)[K[ [0;31m*[0;1;31m*[0m[0;31m*  [0m] A stop job is running for Jenkins Daemon (6s / 1min 30s)[K[  [0;31m*[0;1;31m*[0m[0;31m* [0m] A stop job is running for Jenkins Daemon (7s / 1min 30s)[K[   [0;31m*[0;1;31m*[0m[0;31m*[0m] A stop job is running for Jenkins Daemon (7s / 1min 30s)[K[    [0;31m*[0;1;31m*[0m] A stop job is running for Jenkins Daemon (8s / 1min 30s)[K[     [0;31m*[0m] A stop job is running for Jenkins Daemon (8s / 1min 30s)[K[    [0;31m*[0;1;31m*[0m] A stop job is running for Jenkins Daemon (9s / 1min 30s)[K[   [0;31m*[0;1;31m*[0m[0;31m*[0m] A stop job is running for Jenkins Daemon (9s / 1min 30s)[K[  [0;31m*[0;1;31m*[0m[0;31m* [0m] A stop job is running for Jenkins Daemon (10s / 1min 30s)[K[ [0;31m*[0;1;31m*[0m[0;31m*  [0m] A stop job is running for Jenkins Daemon (10s / 1min 30s)[K[[0;32m  OK  [0m] Stopped Jenkins Daemon.
[[0;32m  OK  [0m] Stopped target Basic System.
[[0;32m  OK  [0m] Stopped target Paths.
[[0;32m  OK  [0m] Stopped ACPI Events Check.
[[0;32m  OK  [0m] Stopped target Sockets.
[[0;32m  OK  [0m] Closed LXD - unix socket.
[[0;32m  OK  [0m] Closed Open-iSCSI iscsid Socket.
[[0;32m  OK  [0m] Closed UUID daemon activation socket.
[[0;32m  OK  [0m] Closed Syslog Socket.
[[0;32m  OK  [0m] Closed Docker Socket for the API.
[[0;32m  OK  [0m] Closed Socket activation for snappy daemon.
[[0;32m  OK  [0m] Closed D-Bus System Message Bus Socket.
[[0;32m  OK  [0m] Closed ACPID Listen Socket.
[[0;32m  OK  [0m] Stopped target System Initialization.
[[0;32m  OK  [0m] Stopped Initial cloud-init job (metadata service crawler).
[[0;32m  OK  [0m] Stopped Wait for Network to be Configured.
[[0;32m  OK  [0m] Stopped target Local Encrypted Volumes.
[[0;32m  OK  [0m] Stopped Dispatch Password Requests to Console Directory Watch.
[[0;32m  OK  [0m] Stopped Forward Password Requests to Wall Directory Watch.
         Stopping Load/Save Random Seed...
         Stopping Update UTMP about System Boot/Shutdown...
[[0;32m  OK  [0m] Stopped target Slices.
[[0;32m  OK  [0m] Removed slice User and Session Slice.
[[0;32m  OK  [0m] Stopped target Network.
         Stopping Network Name Resolution...
[[0;32m  OK  [0m] Stopped Load/Save Random Seed.
[[0;32m  OK  [0m] Stopped Update UTMP about System Boot/Shutdown.
[[0;32m  OK  [0m] Stopped Network Name Resolution.
         Stopping Network Service...
[[0;32m  OK  [0m] Stopped Create Volatile Files and Directories.
[[0;32m  OK  [0m] Stopped target Local File Systems.
         Unmounting /run/user/1000...
[[0;32m  OK  [0m] Unmounted /run/user/1000.
[[0;32m  OK  [0m] Reached target Unmount All Filesystems.
[[0;32m  OK  [0m] Stopped target Swap.
[[0;32m  OK  [0m] Stopped target Local File Systems (Pre).
[[0;32m  OK  [0m] Stopped Create Static Device Nodes in /dev.
         Stopping Monitoring of LVM2 mirrors…ng dmeventd or progress polling...
[[0;32m  OK  [0m] Stopped Network Service.
[[0;32m  OK  [0m] Stopped target Network (Pre).
[[0;32m  OK  [0m] Stopped Initial cloud-init job (pre-networking).
[[0;32m  OK  [0m] Stopped Remount Root and Kernel File Systems.
[[0;32m  OK  [0m] Stopped Apply Kernel Variables.
[[0;32m  OK  [0m] Stopped Load Kernel Modules.
[[0;32m  OK  [0m] Reached target Shutdown.
[[0;32m  OK  [0m] Reached target Final Step.
         Starting Power-Off...
[10694.396528] reboot: Power down
