[    0.000000] Linux version 4.15.0-88-generic (buildd@lgw01-amd64-036) (gcc version 7.4.0 (Ubuntu 7.4.0-1ubuntu1~18.04.1)) #88-Ubuntu SMP Tue Feb 11 20:11:34 UTC 2020 (Ubuntu 4.15.0-88.88-generic 4.15.18)
[    0.000000] Command line: BOOT_IMAGE=/boot/vmlinuz-4.15.0-88-generic root=UUID=22d612d6-934b-4d55-995d-16aeb1bc5d8a ro console=tty1 console=ttyS0
[    0.000000] KERNEL supported cpus:
[    0.000000]   Intel GenuineIntel
[    0.000000]   AMD AuthenticAMD
[    0.000000]   Centaur CentaurHauls
[    0.000000] x86/fpu: Supporting XSAVE feature 0x001: 'x87 floating point registers'
[    0.000000] x86/fpu: Supporting XSAVE feature 0x002: 'SSE registers'
[    0.000000] x86/fpu: Supporting XSAVE feature 0x004: 'AVX registers'
[    0.000000] x86/fpu: xstate_offset[2]:  576, xstate_sizes[2]:  256
[    0.000000] x86/fpu: Enabled xstate features 0x7, context size is 832 bytes, using 'standard' format.
[    0.000000] e820: BIOS-provided physical RAM map:
[    0.000000] BIOS-e820: [mem 0x0000000000000000-0x000000000009fbff] usable
[    0.000000] BIOS-e820: [mem 0x000000000009fc00-0x000000000009ffff] reserved
[    0.000000] BIOS-e820: [mem 0x00000000000f0000-0x00000000000fffff] reserved
[    0.000000] BIOS-e820: [mem 0x0000000000100000-0x00000000dffeffff] usable
[    0.000000] BIOS-e820: [mem 0x00000000dfff0000-0x00000000dfffffff] ACPI data
[    0.000000] BIOS-e820: [mem 0x00000000fec00000-0x00000000fec00fff] reserved
[    0.000000] BIOS-e820: [mem 0x00000000fee00000-0x00000000fee00fff] reserved
[    0.000000] BIOS-e820: [mem 0x00000000fffc0000-0x00000000ffffffff] reserved
[    0.000000] BIOS-e820: [mem 0x0000000100000000-0x000000011fffffff] usable
[    0.000000] NX (Execute Disable) protection: active
[    0.000000] SMBIOS 2.5 present.
[    0.000000] DMI: innotek GmbH VirtualBox/VirtualBox, BIOS VirtualBox 12/01/2006
[    0.000000] Hypervisor detected: KVM
[    0.000000] e820: last_pfn = 0x120000 max_arch_pfn = 0x400000000
[    0.000000] MTRR: Disabled
[    0.000000] x86/PAT: MTRRs disabled, skipping PAT initialization too.
[    0.000000] CPU MTRRs all blank - virtualized system.
[    0.000000] x86/PAT: Configuration [0-7]: WB  WT  UC- UC  WB  WT  UC- UC  
[    0.000000] e820: last_pfn = 0xdfff0 max_arch_pfn = 0x400000000
[    0.000000] found SMP MP-table at [mem 0x0009fff0-0x0009ffff]
[    0.000000] Scanning 1 areas for low memory corruption
[    0.000000] RAMDISK: [mem 0x35967000-0x36caafff]
[    0.000000] ACPI: Early table checksum verification disabled
[    0.000000] ACPI: RSDP 0x00000000000E0000 000024 (v02 VBOX  )
[    0.000000] ACPI: XSDT 0x00000000DFFF0030 00003C (v01 VBOX   VBOXXSDT 00000001 ASL  00000061)
[    0.000000] ACPI: FACP 0x00000000DFFF00F0 0000F4 (v04 VBOX   VBOXFACP 00000001 ASL  00000061)
[    0.000000] ACPI: DSDT 0x00000000DFFF0470 0022EA (v02 VBOX   VBOXBIOS 00000002 INTL 20100528)
[    0.000000] ACPI: FACS 0x00000000DFFF0200 000040
[    0.000000] ACPI: FACS 0x00000000DFFF0200 000040
[    0.000000] ACPI: APIC 0x00000000DFFF0240 00005C (v02 VBOX   VBOXAPIC 00000001 ASL  00000061)
[    0.000000] ACPI: SSDT 0x00000000DFFF02A0 0001CC (v01 VBOX   VBOXCPUT 00000002 INTL 20100528)
[    0.000000] No NUMA configuration found
[    0.000000] Faking a node at [mem 0x0000000000000000-0x000000011fffffff]
[    0.000000] NODE_DATA(0) allocated [mem 0x11ffd1000-0x11fffbfff]
[    0.000000] kvm-clock: cpu 0, msr 1:1ff50001, primary cpu clock
[    0.000000] kvm-clock: Using msrs 4b564d01 and 4b564d00
[    0.000000] kvm-clock: using sched offset of 4980685766 cycles
[    0.000000] clocksource: kvm-clock: mask: 0xffffffffffffffff max_cycles: 0x1cd42e4dffb, max_idle_ns: 881590591483 ns
[    0.000000] Zone ranges:
[    0.000000]   DMA      [mem 0x0000000000001000-0x0000000000ffffff]
[    0.000000]   DMA32    [mem 0x0000000001000000-0x00000000ffffffff]
[    0.000000]   Normal   [mem 0x0000000100000000-0x000000011fffffff]
[    0.000000]   Device   empty
[    0.000000] Movable zone start for each node
[    0.000000] Early memory node ranges
[    0.000000]   node   0: [mem 0x0000000000001000-0x000000000009efff]
[    0.000000]   node   0: [mem 0x0000000000100000-0x00000000dffeffff]
[    0.000000]   node   0: [mem 0x0000000100000000-0x000000011fffffff]
[    0.000000] Reserved but unavailable: 98 pages
[    0.000000] Initmem setup node 0 [mem 0x0000000000001000-0x000000011fffffff]
[    0.000000] ACPI: PM-Timer IO Port: 0x4008
[    0.000000] IOAPIC[0]: apic_id 2, version 32, address 0xfec00000, GSI 0-23
[    0.000000] ACPI: INT_SRC_OVR (bus 0 bus_irq 0 global_irq 2 dfl dfl)
[    0.000000] ACPI: INT_SRC_OVR (bus 0 bus_irq 9 global_irq 9 low level)
[    0.000000] Using ACPI (MADT) for SMP configuration information
[    0.000000] smpboot: Allowing 2 CPUs, 0 hotplug CPUs
[    0.000000] PM: Registered nosave memory: [mem 0x00000000-0x00000fff]
[    0.000000] PM: Registered nosave memory: [mem 0x0009f000-0x0009ffff]
[    0.000000] PM: Registered nosave memory: [mem 0x000a0000-0x000effff]
[    0.000000] PM: Registered nosave memory: [mem 0x000f0000-0x000fffff]
[    0.000000] PM: Registered nosave memory: [mem 0xdfff0000-0xdfffffff]
[    0.000000] PM: Registered nosave memory: [mem 0xe0000000-0xfebfffff]
[    0.000000] PM: Registered nosave memory: [mem 0xfec00000-0xfec00fff]
[    0.000000] PM: Registered nosave memory: [mem 0xfec01000-0xfedfffff]
[    0.000000] PM: Registered nosave memory: [mem 0xfee00000-0xfee00fff]
[    0.000000] PM: Registered nosave memory: [mem 0xfee01000-0xfffbffff]
[    0.000000] PM: Registered nosave memory: [mem 0xfffc0000-0xffffffff]
[    0.000000] e820: [mem 0xe0000000-0xfebfffff] available for PCI devices
[    0.000000] Booting paravirtualized kernel on KVM
[    0.000000] clocksource: refined-jiffies: mask: 0xffffffff max_cycles: 0xffffffff, max_idle_ns: 7645519600211568 ns
[    0.000000] random: get_random_bytes called from start_kernel+0x99/0x4fd with crng_init=0
[    0.000000] setup_percpu: NR_CPUS:8192 nr_cpumask_bits:2 nr_cpu_ids:2 nr_node_ids:1
[    0.000000] percpu: Embedded 45 pages/cpu s147456 r8192 d28672 u1048576
[    0.000000] PV qspinlock hash table entries: 256 (order: 0, 4096 bytes)
[    0.000000] Built 1 zonelists, mobility grouping on.  Total pages: 1032057
[    0.000000] Policy zone: Normal
[    0.000000] Kernel command line: BOOT_IMAGE=/boot/vmlinuz-4.15.0-88-generic root=UUID=22d612d6-934b-4d55-995d-16aeb1bc5d8a ro console=tty1 console=ttyS0
[    0.000000] Memory: 4013152K/4193848K available (12300K kernel code, 2481K rwdata, 4264K rodata, 2428K init, 2712K bss, 180696K reserved, 0K cma-reserved)
[    0.000000] SLUB: HWalign=64, Order=0-3, MinObjects=0, CPUs=2, Nodes=1
[    0.000000] Kernel/User page tables isolation: enabled
[    0.000000] ftrace: allocating 39344 entries in 154 pages
[    0.004000] Hierarchical RCU implementation.
[    0.004000] 	RCU restricting CPUs from NR_CPUS=8192 to nr_cpu_ids=2.
[    0.004000] 	Tasks RCU enabled.
[    0.004000] RCU: Adjusting geometry for rcu_fanout_leaf=16, nr_cpu_ids=2
[    0.004000] NR_IRQS: 524544, nr_irqs: 440, preallocated irqs: 16
[    0.004000] Console: colour VGA+ 80x25
[    0.004000] console [tty1] enabled
[    0.004000] console [ttyS0] enabled
[    0.004000] ACPI: Core revision 20170831
[    0.004000] ACPI: 2 ACPI AML tables successfully acquired and loaded
[    0.004000] APIC: Switch to symmetric I/O mode setup
[    0.004000] x2apic enabled
[    0.004000] Switched APIC routing to physical x2apic.
[    0.007717] ..TIMER: vector=0x30 apic1=0 pin1=2 apic2=-1 pin2=-1
[    0.008002] tsc: Detected 3392.156 MHz processor
[    0.009236] Calibrating delay loop (skipped) preset value.. 6784.31 BogoMIPS (lpj=13568624)
[    0.012002] pid_max: default: 32768 minimum: 301
[    0.013281] Security Framework initialized
[    0.014496] Yama: becoming mindful.
[    0.016029] AppArmor: AppArmor initialized
[    0.028232] Dentry cache hash table entries: 524288 (order: 10, 4194304 bytes)
[    0.032282] Inode-cache hash table entries: 262144 (order: 9, 2097152 bytes)
[    0.034805] Mount-cache hash table entries: 8192 (order: 4, 65536 bytes)
[    0.036016] Mountpoint-cache hash table entries: 8192 (order: 4, 65536 bytes)
[    0.040311] Last level iTLB entries: 4KB 1024, 2MB 1024, 4MB 1024
[    0.042285] Last level dTLB entries: 4KB 1024, 2MB 1024, 4MB 1024, 1GB 4
[    0.044000] Spectre V1 : Mitigation: usercopy/swapgs barriers and __user pointer sanitization
[    0.044004] Spectre V2 : Mitigation: Full generic retpoline
[    0.048002] Spectre V2 : Spectre v2 / SpectreRSB mitigation: Filling RSB on context switch
[    0.052002] Speculative Store Bypass: Vulnerable
[    0.053421] MDS: Vulnerable: Clear CPU buffers attempted, no microcode
[    0.055534] Freeing SMP alternatives memory: 36K
[    0.167194] smpboot: CPU0: Intel(R) Core(TM) i7-4770 CPU @ 3.40GHz (family: 0x6, model: 0x3c, stepping: 0x3)
[    0.168000] Performance Events: unsupported p6 CPU model 60 no PMU driver, software events only.
[    0.168036] Hierarchical SRCU implementation.
[    0.169925] NMI watchdog: Perf event create on CPU 0 failed with -2
[    0.172002] NMI watchdog: Perf NMI watchdog permanently disabled
[    0.173740] smp: Bringing up secondary CPUs ...
[    0.176117] x86: Booting SMP configuration:
[    0.177375] .... node  #0, CPUs:      #1
[    0.004000] kvm-clock: cpu 1, msr 1:1ff50041, secondary cpu clock
[    0.183474] smp: Brought up 1 node, 2 CPUs
[    0.184004] smpboot: Max logical packages: 1
[    0.185212] smpboot: Total of 2 processors activated (13568.62 BogoMIPS)
[    0.187195] devtmpfs: initialized
[    0.188087] x86/mm: Memory block size: 128MB
[    0.190148] evm: security.selinux
[    0.191258] evm: security.SMACK64
[    0.192002] evm: security.SMACK64EXEC
[    0.193121] evm: security.SMACK64TRANSMUTE
[    0.194391] evm: security.SMACK64MMAP
[    0.196002] evm: security.apparmor
[    0.197048] evm: security.ima
[    0.197964] evm: security.capability
[    0.200182] clocksource: jiffies: mask: 0xffffffff max_cycles: 0xffffffff, max_idle_ns: 7645041785100000 ns
[    0.202747] futex hash table entries: 512 (order: 3, 32768 bytes)
[    0.204077] pinctrl core: initialized pinctrl subsystem
[    0.205815] RTC time: 13:47:03, date: 02/21/20
[    0.208086] NET: Registered protocol family 16
[    0.209612] audit: initializing netlink subsys (disabled)
[    0.211133] audit: type=2000 audit(1582292830.327:1): state=initialized audit_enabled=0 res=1
[    0.212016] cpuidle: using governor ladder
[    0.213282] cpuidle: using governor menu
[    0.216087] ACPI: bus type PCI registered
[    0.217257] acpiphp: ACPI Hot Plug PCI Controller Driver version: 0.5
[    0.219144] PCI: Using configuration type 1 for base access
[    0.224051] HugeTLB registered 2.00 MiB page size, pre-allocated 0 pages
[    0.225869] ACPI: Added _OSI(Module Device)
[    0.225869] ACPI: Added _OSI(Processor Device)
[    0.228004] ACPI: Added _OSI(3.0 _SCP Extensions)
[    0.229347] ACPI: Added _OSI(Processor Aggregator Device)
[    0.232007] ACPI: Added _OSI(Linux-Dell-Video)
[    0.233315] ACPI: Added _OSI(Linux-Lenovo-NV-HDMI-Audio)
[    0.234851] ACPI: Added _OSI(Linux-HPI-Hybrid-Graphics)
[    0.236425] ACPI: Executed 1 blocks of module-level executable AML code
[    0.248706] ACPI: Interpreter enabled
[    0.249815] ACPI: (supports S0 S5)
[    0.250844] ACPI: Using IOAPIC for interrupt routing
[    0.252660] PCI: Using host bridge windows from ACPI; if necessary, use "pci=nocrs" and report a bug
[    0.256234] ACPI: Enabled 2 GPEs in block 00 to 07
[    0.273086] ACPI: PCI Root Bridge [PCI0] (domain 0000 [bus 00-ff])
[    0.274843] acpi PNP0A03:00: _OSC: OS supports [ASPM ClockPM Segments MSI]
[    0.277473] acpi PNP0A03:00: _OSC: not requesting OS control; OS requires [ExtendedConfig ASPM ClockPM MSI]
[    0.280020] acpi PNP0A03:00: fail to add MMCONFIG information, can't access extended PCI configuration space under this bridge.
[    0.284600] PCI host bridge to bus 0000:00
[    0.285922] pci_bus 0000:00: root bus resource [io  0x0000-0x0cf7 window]
[    0.288003] pci_bus 0000:00: root bus resource [io  0x0d00-0xffff window]
[    0.289858] pci_bus 0000:00: root bus resource [mem 0x000a0000-0x000bffff window]
[    0.292003] pci_bus 0000:00: root bus resource [mem 0xe0000000-0xfdffffff window]
[    0.294146] pci_bus 0000:00: root bus resource [bus 00-ff]
[    0.298794] pci 0000:00:01.1: legacy IDE quirk: reg 0x10: [io  0x01f0-0x01f7]
[    0.300003] pci 0000:00:01.1: legacy IDE quirk: reg 0x14: [io  0x03f6]
[    0.301814] pci 0000:00:01.1: legacy IDE quirk: reg 0x18: [io  0x0170-0x0177]
[    0.304003] pci 0000:00:01.1: legacy IDE quirk: reg 0x1c: [io  0x0376]
[    0.353960] pci 0000:00:07.0: quirk: [io  0x4000-0x403f] claimed by PIIX4 ACPI
[    0.356000] pci 0000:00:07.0: quirk: [io  0x4100-0x410f] claimed by PIIX4 SMB
[    0.377568] ACPI: PCI Interrupt Link [LNKA] (IRQs 5 9 10 *11)
[    0.379959] ACPI: PCI Interrupt Link [LNKB] (IRQs 5 9 *10 11)
[    0.380243] ACPI: PCI Interrupt Link [LNKC] (IRQs 5 *9 10 11)
[    0.381917] ACPI: PCI Interrupt Link [LNKD] (IRQs 5 9 10 *11)
[    0.384529] SCSI subsystem initialized
[    0.385725] pci 0000:00:02.0: vgaarb: setting as boot VGA device
[    0.385959] pci 0000:00:02.0: vgaarb: VGA device added: decodes=io+mem,owns=io+mem,locks=none
[    0.388005] pci 0000:00:02.0: vgaarb: bridge control possible
[    0.392002] vgaarb: loaded
[    0.392979] ACPI: bus type USB registered
[    0.394252] usbcore: registered new interface driver usbfs
[    0.396014] usbcore: registered new interface driver hub
[    0.397573] usbcore: registered new device driver usb
[    0.400084] EDAC MC: Ver: 3.0.0
[    0.401463] PCI: Using ACPI for IRQ routing
[    0.401899] NetLabel: Initializing
[    0.404004] NetLabel:  domain hash size = 128
[    0.405323] NetLabel:  protocols = UNLABELED CIPSOv4 CALIPSO
[    0.406998] NetLabel:  unlabeled traffic allowed by default
[    0.416146] clocksource: Switched to clocksource kvm-clock
[    0.464020] VFS: Disk quotas dquot_6.6.0
[    0.465332] VFS: Dquot-cache hash table entries: 512 (order 0, 4096 bytes)
[    0.467332] AppArmor: AppArmor Filesystem Enabled
[    0.468801] pnp: PnP ACPI init
[    0.471917] pnp: PnP ACPI: found 3 devices
[    0.482292] clocksource: acpi_pm: mask: 0xffffff max_cycles: 0xffffff, max_idle_ns: 2085701024 ns
[    0.484254] NET: Registered protocol family 2
[    0.486592] TCP established hash table entries: 32768 (order: 6, 262144 bytes)
[    0.488932] TCP bind hash table entries: 32768 (order: 7, 524288 bytes)
[    0.490906] TCP: Hash tables configured (established 32768 bind 32768)
[    0.492779] UDP hash table entries: 2048 (order: 4, 65536 bytes)
[    0.494502] UDP-Lite hash table entries: 2048 (order: 4, 65536 bytes)
[    0.496353] NET: Registered protocol family 1
[    0.497777] pci 0000:00:00.0: Limiting direct PCI/PCI transfers
[    0.499469] pci 0000:00:01.0: Activating ISA DMA hang workarounds
[    0.501359] pci 0000:00:02.0: Video device with shadowed ROM at [mem 0x000c0000-0x000dffff]
[    0.503898] Unpacking initramfs...
[    1.147876] Freeing initrd memory: 19728K
[    1.149377] PCI-DMA: Using software bounce buffering for IO (SWIOTLB)
[    1.151125] software IO TLB: mapped [mem 0xdbff0000-0xdfff0000] (64MB)
[    1.153028] clocksource: tsc: mask: 0xffffffffffffffff max_cycles: 0x30e55c94630, max_idle_ns: 440795285124 ns
[    1.155813] platform rtc_cmos: registered platform RTC device (no PNP device found)
[    1.158403] Scanning for low memory corruption every 60 seconds
[    1.163044] Initialise system trusted keyrings
[    1.164382] Key type blacklist registered
[    1.165943] workingset: timestamp_bits=36 max_order=20 bucket_order=0
[    1.175143] zbud: loaded
[    1.176919] squashfs: version 4.0 (2009/01/31) Phillip Lougher
[    1.178812] fuse init (API version 7.26)
[    1.182480] Key type asymmetric registered
[    1.183608] Asymmetric key parser 'x509' registered
[    1.184996] Block layer SCSI generic (bsg) driver version 0.4 loaded (major 246)
[    1.187120] io scheduler noop registered
[    1.188329] io scheduler deadline registered
[    1.189604] io scheduler cfq registered (default)
[    1.191325] ACPI: AC Adapter [AC] (on-line)
[    1.192715] input: Power Button as /devices/LNXSYSTM:00/LNXPWRBN:00/input/input0
[    1.194861] ACPI: Power Button [PWRF]
[    1.196325] input: Sleep Button as /devices/LNXSYSTM:00/LNXSLPBN:00/input/input1
[    1.198537] ACPI: Sleep Button [SLPF]
[    1.200083] Serial: 8250/16550 driver, 32 ports, IRQ sharing enabled
[    1.222886] 00:02: ttyS0 at I/O 0x3f8 (irq = 4, base_baud = 115200) is a 16550A
[    1.229347] Linux agpgart interface v0.103
[    1.238006] loop: module loaded
[    1.239883] scsi host0: ata_piix
[    1.241151] scsi host1: ata_piix
[    1.242170] ata1: PATA max UDMA/33 cmd 0x1f0 ctl 0x3f6 bmdma 0xd000 irq 14
[    1.244033] ata2: PATA max UDMA/33 cmd 0x170 ctl 0x376 bmdma 0xd008 irq 15
[    1.246767] libphy: Fixed MDIO Bus: probed
[    1.248201] tun: Universal TUN/TAP device driver, 1.6
[    1.249860] PPP generic driver version 2.4.2
[    1.251181] ehci_hcd: USB 2.0 'Enhanced' Host Controller (EHCI) Driver
[    1.253030] ehci-pci: EHCI PCI platform driver
[    1.254461] ehci-platform: EHCI generic platform driver
[    1.256036] ohci_hcd: USB 1.1 'Open' Host Controller (OHCI) Driver
[    1.257854] ohci-pci: OHCI PCI platform driver
[    1.259121] ohci-platform: OHCI generic platform driver
[    1.260610] uhci_hcd: USB Universal Host Controller Interface driver
[    1.262479] i8042: PNP: PS/2 Controller [PNP0303:PS2K,PNP0f03:PS2M] at 0x60,0x64 irq 1,12
[    1.265737] serio: i8042 KBD port at 0x60,0x64 irq 1
[    1.267246] serio: i8042 AUX port at 0x60,0x64 irq 12
[    1.268913] mousedev: PS/2 mouse device common for all mice
[    1.271262] input: AT Translated Set 2 keyboard as /devices/platform/i8042/serio0/input/input2
[    1.272116] rtc_cmos rtc_cmos: rtc core: registered rtc_cmos as rtc0
[    1.275792] rtc_cmos rtc_cmos: alarms up to one day, 114 bytes nvram
[    1.277697] i2c /dev entries driver
[    1.278937] device-mapper: uevent: version 1.0.3
[    1.280422] device-mapper: ioctl: 4.37.0-ioctl (2017-09-20) initialised: dm-devel@redhat.com
[    1.283130] ledtrig-cpu: registered to indicate activity on CPUs
[    1.285448] NET: Registered protocol family 10
[    1.291807] Segment Routing with IPv6
[    1.293133] NET: Registered protocol family 17
[    1.294573] Key type dns_resolver registered
[    1.296066] mce: Using 0 MCE banks
[    1.297188] RAS: Correctable Errors collector initialized.
[    1.298866] sched_clock: Marking stable (1297163805, 0)->(2012591962, -715428157)
[    1.301568] registered taskstats version 1
[    1.302814] Loading compiled-in X.509 certificates
[    1.306970] Loaded X.509 cert 'Build time autogenerated kernel key: f0020782f0d3a548186fb3f47aed88387a71e859'
[    1.309884] zswap: loaded using pool lzo/zbud
[    1.316303] Key type big_key registered
[    1.317487] Key type trusted registered
[    1.321020] Key type encrypted registered
[    1.322280] AppArmor: AppArmor sha1 policy hashing enabled
[    1.323879] ima: No TPM chip found, activating TPM-bypass! (rc=-19)
[    1.325705] ima: Allocated hash algorithm: sha1
[    1.327131] evm: HMAC attrs: 0x1
[    1.328441]   Magic number: 8:168:787
[    1.329739] rtc_cmos rtc_cmos: setting system clock to 2020-02-21 13:47:05 UTC (1582292825)
[    1.332540] BIOS EDD facility v0.16 2004-Jun-25, 0 devices found
[    1.334231] EDD information not available.
[    2.309718] Freeing unused kernel image memory: 2428K
[    2.324720] Write protecting the kernel read-only data: 20480k
[    2.336786] Freeing unused kernel image memory: 2008K
[    2.340877] Freeing unused kernel image memory: 1880K
[    2.384035] x86/mm: Checked W+X mappings: passed, no W+X pages found.
[    2.385885] x86/mm: Checking user space page tables
[    2.414527] x86/mm: Checked W+X mappings: passed, no W+X pages found.
Loading, please wait...
starting version 237
[    2.532010] Fusion MPT base driver 3.04.20
[    2.533318] Copyright (c) 1999-2008 LSI Corporation
[    2.555285] e1000: Intel(R) PRO/1000 Network Driver - version 7.3.21-k8-NAPI
[    2.557311] e1000: Copyright (c) 1999-2006 Intel Corporation.
[    2.579857] AVX2 version of gcm_enc/dec engaged.
[    2.581304] AES CTR mode by8 optimization enabled
[    2.597361] Fusion MPT SPI Host driver 3.04.20
[    2.771709] input: ImExPS/2 Generic Explorer Mouse as /devices/platform/i8042/serio1/input/input4
[    3.034879] e1000 0000:00:03.0 eth0: (PCI:33MHz:32-bit) 02:6f:f9:1e:39:dc
[    3.036682] e1000 0000:00:03.0 eth0: Intel(R) PRO/1000 Network Connection
[    3.040248] e1000 0000:00:03.0 enp0s3: renamed from eth0
[    3.040631] mptbase: ioc0: Initiating bringup
[    3.141612] ioc0: LSI53C1030 A0: Capabilities={Initiator}
[    3.389122] scsi host2: ioc0: LSI53C1030 A0, FwRev=00000000h, Ports=1, MaxQ=256, IRQ=20
[    3.563119] scsi 2:0:0:0: Direct-Access     VBOX     HARDDISK         1.0  PQ: 0 ANSI: 5
[    3.604130] scsi target2:0:0: Beginning Domain Validation
[    3.621000] scsi target2:0:0: Domain Validation skipping write tests
[    3.629534] scsi target2:0:0: Ending Domain Validation
[    3.637172] scsi target2:0:0: asynchronous
[    3.646210] scsi 2:0:1:0: Direct-Access     VBOX     HARDDISK         1.0  PQ: 0 ANSI: 5
[    3.688066] scsi target2:0:1: Beginning Domain Validation
[    3.693468] random: fast init done
[    3.698007] scsi target2:0:1: Domain Validation skipping write tests
[    3.701577] scsi target2:0:1: Ending Domain Validation
[    3.704756] scsi target2:0:1: asynchronous
[    3.717754] random: systemd-udevd: uninitialized urandom read (16 bytes read)
[    3.717939] sd 2:0:0:0: Attached scsi generic sg0 type 0
[    3.720190] random: systemd-udevd: uninitialized urandom read (16 bytes read)
[    3.722283] sd 2:0:1:0: Attached scsi generic sg1 type 0
[    3.724373] random: systemd-udevd: uninitialized urandom read (16 bytes read)
[    3.728707] sd 2:0:0:0: [sda] 20971520 512-byte logical blocks: (10.7 GB/10.0 GiB)
[    3.731344] sd 2:0:1:0: [sdb] 20480 512-byte logical blocks: (10.5 MB/10.0 MiB)
[    3.734076] sd 2:0:0:0: [sda] Write Protect is off
[    3.735734] sd 2:0:1:0: [sdb] Write Protect is off
[    3.737593] sd 2:0:0:0: [sda] Incomplete mode parameter data
[    3.739525] sd 2:0:0:0: [sda] Assuming drive cache: write through
[    3.741585] sd 2:0:1:0: [sdb] Incomplete mode parameter data
[    3.743324] sd 2:0:1:0: [sdb] Assuming drive cache: write through
[    3.746279]  sda: sda1
[    3.747832] sd 2:0:0:0: [sda] Attached SCSI disk
[    3.763641] sd 2:0:1:0: [sdb] Attached SCSI disk
Begin: Loading essential drivers ... [    5.852466] raid6: sse2x1   gen()  3208 MB/s
[    5.900322] raid6: sse2x1   xor()  2089 MB/s
[    5.948146] raid6: sse2x2   gen()  7450 MB/s
[    5.996013] raid6: sse2x2   xor()  3427 MB/s
[    6.044799] raid6: sse2x4   gen()  8082 MB/s
[    6.092641] raid6: sse2x4   xor()  4722 MB/s
[    6.140478] raid6: avx2x1   gen()  6501 MB/s
[    6.188334] raid6: avx2x1   xor()  3567 MB/s
[    6.236148] raid6: avx2x2   gen() 12341 MB/s
[    6.284009] raid6: avx2x2   xor()  6740 MB/s
[    6.332815] raid6: avx2x4   gen() 16791 MB/s
[    6.380653] raid6: avx2x4   xor()  9482 MB/s
[    6.381936] raid6: using algorithm avx2x4 gen() 16791 MB/s
[    6.383655] raid6: .... xor() 9482 MB/s, rmw enabled
[    6.385142] raid6: using avx2x2 recovery algorithm
[    6.387791] xor: automatically using best checksumming function   avx       
[    6.391383] async_tx: api initialized (async)
done.
Begin: Running /scripts/init-premount ... done.
Begin: Mounting root file system ... Begin: Running /scripts/local-top ... done.
Begin: Running /scripts/local-premount ... [    6.475383] Btrfs loaded, crc32c=crc32c-intel
Scanning for Btrfs filesystems
done.
Warning: fsck not present, so skipping root file system
[    6.509324] EXT4-fs (sda1): INFO: recovery required on readonly filesystem
[    6.511356] EXT4-fs (sda1): write access will be enabled during recovery
[    6.587960] EXT4-fs (sda1): recovery complete
[    6.589639] EXT4-fs (sda1): mounted filesystem with ordered data mode. Opts: (null)
done.
Begin: Running /scripts/local-bottom ... done.
Begin: Running /scripts/init-bottom ... done.
[    7.840419] ip_tables: (C) 2000-2006 Netfilter Core Team
[    7.942359] systemd[1]: systemd 237 running in system mode. (+PAM +AUDIT +SELINUX +IMA +APPARMOR +SMACK +SYSVINIT +UTMP +LIBCRYPTSETUP +GCRYPT +GNUTLS +ACL +XZ +LZ4 +SECCOMP +BLKID +ELFUTILS +KMOD -IDN2 +IDN -PCRE2 default-hierarchy=hybrid)
[    7.961234] systemd[1]: Detected virtualization oracle.
[    7.966071] systemd[1]: Detected architecture x86-64.

Welcome to [1mUbuntu 18.04.3 LTS[0m!

[    8.002960] systemd[1]: Set hostname to <ubuntu-bionic>.
[    8.873544] random: crng init done
[    8.877461] random: 7 urandom warning(s) missed due to ratelimiting
[    9.681844] systemd[1]: Started Forward Password Requests to Wall Directory Watch.
[[0;32m  OK  [0m] Started Forward Password Requests to Wall Directory Watch.
[    9.686504] systemd[1]: Reached target System Time Synchronized.
[[0;32m  OK  [0m] Reached target System Time Synchronized.
[    9.692807] systemd[1]: Created slice User and Session Slice.
[[0;32m  OK  [0m] Created slice User and Session Slice.
[    9.696271] systemd[1]: Reached target Swap.
[[0;32m  OK  [0m] Reached target Swap.
[    9.698961] systemd[1]: Reached target User and Group Name Lookups.
[[0;32m  OK  [0m] Reached target User and Group Name Lookups.
[    9.703339] systemd[1]: Created slice System Slice.
[[0;32m  OK  [0m] Created slice System Slice.
[[0;32m  OK  [0m] Listening on Device-mapper event daemon FIFOs.
[[0;32m  OK  [0m] Listening on LVM2 poll daemon socket.
[[0;32m  OK  [0m] Listening on Journal Socket (/dev/log).
[[0;32m  OK  [0m] Listening on Network Service Netlink Socket.
[[0;32m  OK  [0m] Listening on LVM2 metadata daemon socket.
[[0;32m  OK  [0m] Listening on Journal Audit Socket.
[[0;32m  OK  [0m] Listening on Journal Socket.
         Starting Monitoring of LVM2 mirrors…ng dmeventd or progress polling...
         Starting Remount Root and Kernel File Systems...
         Starting Create list of required st…ce nodes for the current kernel...
         Mounting POSIX Message Queue File System...
         Mounting Huge Pages File System...
         Starting Load Kernel Modules...
         Mounting Kernel Debug File System...
         Starting Set the console keyboard layout...
[[0;32m  OK  [0m] Reached target Slices.
[[0;32m  OK  [0m] Listening on /dev/initctl Compatibility Named Pipe.
[[0;32m  OK  [0m] Set up automount Arbitrary Executab…rmats File System Automount Point.
[[0;32m  OK  [0m] Listening on udev Control Socket.
[[0;32m  OK  [0m] Listening on Syslog Socket.
[   10.194390] EXT4-fs (sda1): re-mounted. Opts: (null)
         Starting Journal Service...
         Starting Uncomplicated firewall...
[[0;32m  OK  [0m] Listening on udev Kernel Socket.
         Starting udev Coldplug all Devices...
[[0;32m  OK  [0m] Created slice system-serial\x2dgetty.slice.
[[0;32m  OK  [0m] Started Remount Root and Kernel File Systems.
[[0;32m  OK  [0m] Started Create list of required sta…vice nodes for the current kernel.
[[0;32m  OK  [0m] Mounted POSIX Message Queue File System.
[[0;32m  OK  [0m] Mounted Huge Pages File System.
[[0;32m  OK  [0m] Mounted Kernel Debug File System.
         Starting Create Static Device Nodes in /dev...
         Starting Load/Save Random Seed...
[[0;32m  OK  [0m] Started Uncomplicated firewall.
[[0;32m  OK  [0m] Started LVM2 metadata daemon.
[   10.447557] Loading iSCSI transport class v2.0-870.
[[0;32m  OK  [0m] Started udev Coldplug all Devices.
[[0;32m  OK  [0m] Started Journal Service.
         Starting Flush Journal to Persistent Storage...
[[0;32m  OK  [0m] Started Load/Save Random Seed.
[   10.597316] iscsi: registered transport (tcp)
[   10.756803] systemd-journald[404]: Received request to flush runtime journal from PID 1
[[0;32m  OK  [0m] Started Create Static Device Nodes in /dev.
         Starting udev Kernel Device Manager...
[[0;32m  OK  [0m] Started Monitoring of LVM2 mirrors,…sing dmeventd or progress polling.
[   10.867939] iscsi: registered transport (iser)
[[0;32m  OK  [0m] Started Load Kernel Modules.
         Mounting FUSE Control File System...
         Starting Apply Kernel Variables...
         Mounting Kernel Configuration File System...
[[0;32m  OK  [0m] Mounted FUSE Control File System.
[[0;32m  OK  [0m] Mounted Kernel Configuration File System.
[[0;32m  OK  [0m] Started Set the console keyboard layout.
[[0;32m  OK  [0m] Reached target Local File Systems (Pre).
[[0;32m  OK  [0m] Reached target Local File Systems.
         Starting Set console font and keymap...
         Starting Tell Plymouth To Write Out Runtime Data...
         Starting AppArmor initialization...
         Starting ebtables ruleset management...
[[0;32m  OK  [0m] Started Set console font and keymap.
[[0;32m  OK  [0m] Started Tell Plymouth To Write Out Runtime Data.
[[0;32m  OK  [0m] Started Apply Kernel Variables.
[[0;32m  OK  [0m] Started udev Kernel Device Manager.
[[0;32m  OK  [0m] Started Dispatch Password Requests to Console Directory Watch.
[[0;32m  OK  [0m] Reached target Local Encrypted Volumes.
[[0;32m  OK  [0m] Started Flush Journal to Persistent Storage.
         Starting Create Volatile Files and Directories...
[[0;32m  OK  [0m] Started ebtables ruleset management.
[[0;32m  OK  [0m] Started Create Volatile Files and Directories.
         Starting Update UTMP about System Boot/Shutdown...
[[0;32m  OK  [0m] Started Update UTMP about System Boot/Shutdown.
[[0;32m  OK  [0m] Found device /dev/ttyS0.
[[0;32m  OK  [0m] Started AppArmor initialization.
[[0;32m  OK  [0m] Listening on Load/Save RF Kill Switch Status /dev/rfkill Watch.
         Starting Initial cloud-init job (pre-networking)...
[   18.492148] cloud-init[525]: Cloud-init v. 19.3-41-gc4735dd3-0ubuntu1~18.04.1 running 'init-local' at Fri, 21 Feb 2020 13:47:21 +0000. Up 17.79 seconds.
[[0;32m  OK  [0m] Started Initial cloud-init job (pre-networking).
[[0;32m  OK  [0m] Reached target Network (Pre).
         Starting Network Service...
[[0;32m  OK  [0m] Started Network Service.
         Starting Network Name Resolution...
         Starting Wait for Network to be Configured...
[[0;32m  OK  [0m] Started Network Name Resolution.
[[0;32m  OK  [0m] Reached target Host and Network Name Lookups.
[[0;32m  OK  [0m] Reached target Network.
[[0;32m  OK  [0m] Started Wait for Network to be Configured.
         Starting Initial cloud-init job (metadata service crawler)...
[   21.764584] cloud-init[711]: Cloud-init v. 19.3-41-gc4735dd3-0ubuntu1~18.04.1 running 'init' at Fri, 21 Feb 2020 13:47:25 +0000. Up 21.33 seconds.
[   21.765960] cloud-init[711]: ci-info: ++++++++++++++++++++++++++++++++++++++Net device info++++++++++++++++++++++++++++++++++++++
[   21.767268] cloud-init[711]: ci-info: +--------+------+----------------------------+---------------+--------+-------------------+
[   21.768660] cloud-init[711]: ci-info: | Device |  Up  |          Address           |      Mask     | Scope  |     Hw-Address    |
[   21.770090] cloud-init[711]: ci-info: +--------+------+----------------------------+---------------+--------+-------------------+
[   21.780946] cloud-init[711]: ci-info: | enp0s3 | True |         10.0.2.15          | 255.255.255.0 | global | 02:6f:f9:1e:39:dc |
[   21.782267] cloud-init[711]: ci-info: | enp0s3 | True | fe80::6f:f9ff:fe1e:39dc/64 |       .       |  link  | 02:6f:f9:1e:39:dc |
[   21.783475] cloud-init[711]: ci-info: |   lo   | True |         127.0.0.1          |   255.0.0.0   |  host  |         .         |
[   21.784836] cloud-init[711]: ci-info: |   lo   | True |          ::1/128           |       .       |  host  |         .         |
[   21.786323] cloud-init[711]: ci-info: +--------+------+----------------------------+---------------+--------+-------------------+
[   21.787804] cloud-init[711]: ci-info: ++++++++++++++++++++++++++++Route IPv4 info+++++++++++++++++++++++++++++
[   21.803847] cloud-init[711]: ci-info: +-------+-------------+----------+-----------------+-----------+-------+
[   21.805394] cloud-init[711]: ci-info: | Route | Destination | Gateway  |     Genmask     | Interface | Flags |
[   21.806921] cloud-init[711]: ci-info: +-------+-------------+----------+-----------------+-----------+-------+
[   21.808546] cloud-init[711]: ci-info: |   0   |   0.0.0.0   | 10.0.2.2 |     0.0.0.0     |   enp0s3  |   UG  |
[   21.810114] cloud-init[711]: ci-info: |   1   |   10.0.2.0  | 0.0.0.0  |  255.255.255.0  |   enp0s3  |   U   |
[   21.820967] cloud-init[711]: ci-info: |   2   |   10.0.2.2  | 0.0.0.0  | 255.255.255.255 |   enp0s3  |   UH  |
[   21.822628] cloud-init[711]: ci-info: +-------+-------------+----------+-----------------+-----------+-------+
[   21.824173] cloud-init[711]: ci-info: +++++++++++++++++++Route IPv6 info+++++++++++++++++++
[   21.825406] cloud-init[711]: ci-info: +-------+-------------+---------+-----------+-------+
[   21.826666] cloud-init[711]: ci-info: | Route | Destination | Gateway | Interface | Flags |
[   21.827900] cloud-init[711]: ci-info: +-------+-------------+---------+-----------+-------+
[   21.829134] cloud-init[711]: ci-info: |   1   |  fe80::/64  |    ::   |   enp0s3  |   U   |
[   21.830361] cloud-init[711]: ci-info: |   3   |    local    |    ::   |   enp0s3  |   U   |
[   21.831602] cloud-init[711]: ci-info: |   4   |   ff00::/8  |    ::   |   enp0s3  |   U   |
[   21.832885] cloud-init[711]: ci-info: +-------+-------------+---------+-----------+-------+
[[0;32m  OK  [0m] Started Initial cloud-init job (metadata service crawler).
[[0;32m  OK  [0m] Reached target System Initialization.
[[0;32m  OK  [0m] Started ACPI Events Check.
[[0;32m  OK  [0m] Listening on UUID daemon activation socket.
         Starting LXD - unix socket.
[[0;32m  OK  [0m] Listening on Open-iSCSI iscsid Socket.
[[0;32m  OK  [0m] Listening on D-Bus System Message Bus Socket.
[[0;32m  OK  [0m] Listening on ACPID Listen Socket.
         Starting Socket activation for snappy daemon.
[[0;32m  OK  [0m] Started Discard unused blocks once a week.
[[0;32m  OK  [0m] Started Message of the Day.
[[0;32m  OK  [0m] Started Daily apt download activities.
[[0;32m  OK  [0m] Started Daily apt upgrade and clean activities.
[[0;32m  OK  [0m] Reached target Paths.
[[0;32m  OK  [0m] Started Daily Cleanup of Temporary Directories.
[[0;32m  OK  [0m] Reached target Timers.
[[0;32m  OK  [0m] Reached target Network is Online.
         Starting Availability of block devices...
[[0;32m  OK  [0m] Reached target Remote File Systems (Pre).
[[0;32m  OK  [0m] Reached target Remote File Systems.
[[0;32m  OK  [0m] Reached target Cloud-config availability.
[[0;32m  OK  [0m] Listening on LXD - unix socket.
[[0;32m  OK  [0m] Listening on Socket activation for snappy daemon.
[[0;32m  OK  [0m] Started Availability of block devices.
[[0;32m  OK  [0m] Reached target Sockets.
[[0;32m  OK  [0m] Reached target Basic System.
         Starting Permit User Sessions...
         Starting System Logging Service...
         Starting LSB: Record successful boot for GRUB...
[[0;32m  OK  [0m] Started Deferred execution scheduler.
         Starting Login Service...
[[0;32m  OK  [0m] Started FUSE filesystem for LXC.
         Starting Accounts Service...
[[0;32m  OK  [0m] Started D-Bus System Message Bus.
         Starting OpenBSD Secure Shell server...
[[0;32m  OK  [0m] Started irqbalance daemon.
[[0;32m  OK  [0m] Started Regular background program processing daemon.
         Starting LSB: automatic crash report generation...
         Starting Dispatcher daemon for systemd-networkd...
         Starting Snappy daemon...
         Starting vboxadd.service...
         Starting LXD - container startup/shutdown...
[[0;32m  OK  [0m] Started System Logging Service.
[[0;32m  OK  [0m] Started Permit User Sessions.
[[0;32m  OK  [0m] Started Login Service.
         Starting Authorization Manager...
[[0;32m  OK  [0m] Started Unattended Upgrades Shutdown.
         Starting Terminate Plymouth Boot Screen...
         Starting Hold until boot process finishes up...
[[0;32m  OK  [0m] Started Hold until boot process finishes up.
         Starting Set console scheme...
[[0;32m  OK  [0m] Started Serial Getty on ttyS0.
[[0;32m  OK  [0m] Started Terminate Plymouth Boot Screen.
[[0;32m  OK  [0m] Started Set console scheme.
[[0;32m  OK  [0m] Created slice system-getty.slice.
[[0;32m  OK  [0m] Started Getty on tty1.
[[0;32m  OK  [0m] Reached target Login Prompts.
[[0;32m  OK  [0m] Started LSB: automatic crash report generation.
[[0;32m  OK  [0m] Started LSB: Record successful boot for GRUB.
[[0;32m  OK  [0m] Started Authorization Manager.
[[0;32m  OK  [0m] Started Accounts Service.
[[0;32m  OK  [0m] Started OpenBSD Secure Shell server.
[[0;32m  OK  [0m] Started Dispatcher daemon for systemd-networkd.
[[0;32m  OK  [0m] Created slice User Slice of vagrant.
         Starting User Manager for UID 1000...
[[0;32m  OK  [0m] Started Session 1 of user vagrant.

Ubuntu 18.04.3 LTS ubuntu-bionic ttyS0

ubuntu-bionic login: [   30.946035] cloud-init[1237]: Cloud-init v. 19.3-41-gc4735dd3-0ubuntu1~18.04.1 running 'modules:config' at Fri, 21 Feb 2020 13:47:34 +0000. Up 30.61 seconds.
[   35.799983] cloud-init[1528]: Cloud-init v. 19.3-41-gc4735dd3-0ubuntu1~18.04.1 running 'modules:final' at Fri, 21 Feb 2020 13:47:39 +0000. Up 35.51 seconds.
[   35.800158] cloud-init[1528]: Cloud-init v. 19.3-41-gc4735dd3-0ubuntu1~18.04.1 finished at Fri, 21 Feb 2020 13:47:39 +0000. Datasource DataSourceNoCloud [seed=/dev/sdb][dsmode=net].  Up 35.78 seconds
[[0;32m  OK  [0m] Stopped target Timers.
[[0;32m  OK  [0m] Stopped Message of the Day.
[[0;32m  OK  [0m] Stopped Discard unused blocks once a week.
[[0;32m  OK  [0m] Stopped Daily apt upgrade and clean activities.
         Stopping Docker Application Container Engine...
[[0;32m  OK  [0m] Stopped target Graphical Interface.
[[0;32m  OK  [0m] Stopped target Cloud-init target.
[[0;32m  OK  [0m] Stopped Execute cloud user/final scripts.
[[0;32m  OK  [0m] Stopped target Multi-User System.
[[0;32m  OK  [0m] Stopped target Login Prompts.
         Stopping Regular background program processing daemon...
         Stopping Dispatcher daemon for systemd-networkd...
         Stopping irqbalance daemon...
         Stopping vboxadd-service.service...
         Stopping LXD - container startup/shutdown...
         Stopping LSB: Record successful boot for GRUB...
         Stopping Ubuntu FAN network setup...
         Stopping Availability of block devices...
         Stopping Session 8 of user vagrant.
         Stopping System Logging Service...
         Stopping FUSE filesystem for LXC...
[[0;32m  OK  [0m] Stopped Daily apt download activities.
[[0;32m  OK  [0m] Stopped target System Time Synchronized.
[[0;32m  OK  [0m] Stopped Apply the settings specified in cloud-config.
[[0;32m  OK  [0m] Stopped Wait until snapd is fully seeded.
[[0;32m  OK  [0m] Stopped target Cloud-config availability.
         Stopping Deferred execution scheduler...
         Stopping Getty on tty1...
         Stopping Session 15 of user vagrant.
         Stopping OpenBSD Secure Shell server...
[[0;32m  OK  [0m] Closed Load/Save RF Kill Switch Status /dev/rfkill Watch.
         Stopping Unattended Upgrades Shutdown...
         Stopping Accounts Service...
[[0;32m  OK  [0m] Stopped Daily Cleanup of Temporary Directories.
         Stopping D-Bus System Message Bus...
         Stopping Authorization Manager...
         Stopping LSB: automatic crash report generation...
         Stopping User Manager for UID 1000...
[[0;32m  OK  [0m] Stopped target Host and Network Name Lookups.
         Stopping Serial Getty on ttyS0...
[[0;32m  OK  [0m] Unmounted /var/lib/lxcfs.
[[0;32m  OK  [0m] Stopped System Logging Service.
[[0;32m  OK  [0m] Stopped Deferred execution scheduler.
[[0;32m  OK  [0m] Stopped Accounts Service.
[[0;32m  OK  [0m] Stopped irqbalance daemon.
[[0;32m  OK  [0m] Stopped Regular background program processing daemon.
[[0;32m  OK  [0m] Stopped Dispatcher daemon for systemd-networkd.
[[0;32m  OK  [0m] Stopped Authorization Manager.
[[0;32m  OK  [0m] Stopped Serial Getty on ttyS0.
[[0;32m  OK  [0m] Stopped Getty on tty1.
[[0;32m  OK  [0m] Stopped OpenBSD Secure Shell server.
[[0;32m  OK  [0m] Stopped User Manager for UID 1000.
[[0;32m  OK  [0m] Stopped Docker Application Container Engine.
[[0;32m  OK  [0m] Stopped D-Bus System Message Bus.
[[0;32m  OK  [0m] Stopped FUSE filesystem for LXC.
[[0;32m  OK  [0m] Stopped Availability of block devices.
[[0;32m  OK  [0m] Stopped Unattended Upgrades Shutdown.
[[0;32m  OK  [0m] Stopped Session 8 of user vagrant.
[[0;32m  OK  [0m] Stopped Session 15 of user vagrant.
         Stopping containerd container runtime...
[[0;32m  OK  [0m] Removed slice User Slice of vagrant.
         Stopping Login Service...
[[0;32m  OK  [0m] Removed slice system-getty.slice.
         Stopping Permit User Sessions...
[[0;32m  OK  [0m] Removed slice system-serial\x2dgetty.slice.
[[0;32m  OK  [0m] Stopped LXD - container startup/shutdown.
[[0;32m  OK  [0m] Stopped containerd container runtime.
[[0;32m  OK  [0m] Stopped LSB: Record successful boot for GRUB.
[[0;32m  OK  [0m] Stopped Permit User Sessions.
[[0;32m  OK  [0m] Stopped Ubuntu FAN network setup.
[[0;32m  OK  [0m] Stopped target Network is Online.
[[0;32m  OK  [0m] Stopped target Network.
         Stopping Network Name Resolution...
[[0;32m  OK  [0m] Stopped vboxadd-service.service.
         Stopping vboxadd.service...
[[0;32m  OK  [0m] Stopped LSB: automatic crash report generation.
[[0;32m  OK  [0m] Stopped target Remote File Systems.
[[0;32m  OK  [0m] Stopped target Remote File Systems (Pre).
[[0;32m  OK  [0m] Stopped Network Name Resolution.
[[0;32m  OK  [0m] Stopped Login Service.
[[0;32m  OK  [0m] Stopped target User and Group Name Lookups.
[[0;32m  OK  [0m] Unmounted /vagrant_data.
[[0;32m  OK  [0m] Unmounted /vagrant.
[[0;32m  OK  [0m] Stopped vboxadd.service.
[[0;32m  OK  [0m] Stopped target Basic System.
[[0;32m  OK  [0m] Stopped target Slices.
[[0;32m  OK  [0m] Removed slice User and Session Slice.
[[0;32m  OK  [0m] Stopped target Paths.
[[0;32m  OK  [0m] Stopped ACPI Events Check.
[[0;32m  OK  [0m] Stopped target Sockets.
[[0;32m  OK  [0m] Closed UUID daemon activation socket.
[[0;32m  OK  [0m] Closed D-Bus System Message Bus Socket.
[[0;32m  OK  [0m] Closed Socket activation for snappy daemon.
[[0;32m  OK  [0m] Closed ACPID Listen Socket.
[[0;32m  OK  [0m] Closed Syslog Socket.
[[0;32m  OK  [0m] Closed Open-iSCSI iscsid Socket.
[[0;32m  OK  [0m] Closed Docker Socket for the API.
[[0;32m  OK  [0m] Closed LXD - unix socket.
[[0;32m  OK  [0m] Stopped target System Initialization.
         Stopping Update UTMP about System Boot/Shutdown...
[[0;32m  OK  [0m] Stopped target Local Encrypted Volumes.
[[0;32m  OK  [0m] Stopped Dispatch Password Requests to Console Directory Watch.
[[0;32m  OK  [0m] Stopped Forward Password Requests to Wall Directory Watch.
[[0;32m  OK  [0m] Stopped Initial cloud-init job (metadata service crawler).
[[0;32m  OK  [0m] Stopped Wait for Network to be Configured.
         Stopping Network Service...
         Stopping Load/Save Random Seed...
[[0;32m  OK  [0m] Stopped Load/Save Random Seed.
[[0;32m  OK  [0m] Stopped Update UTMP about System Boot/Shutdown.
[[0;32m  OK  [0m] Stopped Create Volatile Files and Directories.
[[0;32m  OK  [0m] Stopped target Local File Systems.
         Unmounting /run/user/1000...
[[0;32m  OK  [0m] Stopped Network Service.
[[0;32m  OK  [0m] Unmounted /run/user/1000.
[[0;32m  OK  [0m] Reached target Unmount All Filesystems.
[[0;32m  OK  [0m] Stopped target Local File Systems (Pre).
         Stopping Monitoring of LVM2 mirrors…ng dmeventd or progress polling...
[[0;32m  OK  [0m] Stopped Create Static Device Nodes in /dev.
[[0;32m  OK  [0m] Stopped target Swap.
[[0;32m  OK  [0m] Stopped target Network (Pre).
[[0;32m  OK  [0m] Stopped Initial cloud-init job (pre-networking).
[[0;32m  OK  [0m] Stopped Remount Root and Kernel File Systems.
[[0;32m  OK  [0m] Stopped Apply Kernel Variables.
[[0;32m  OK  [0m] Stopped Load Kernel Modules.
[[0;32m  OK  [0m] Reached target Shutdown.
[[0;32m  OK  [0m] Reached target Final Step.
         Starting Power-Off...
[[0;32m  OK  [0m] Stopped Monitoring of LVM2 mirrors,…sing dmeventd or progress polling.
         Stopping LVM2 metadata daemon...
[[0;32m  OK  [0m] Stopped LVM2 metadata daemon.
[ 9970.032794] reboot: Power down
